\BOOKMARK [1][-]{section.1}{\376\377\000S\000o\000f\000t\000w\000a\000r\000e\000\040\000C\000o\000l\000l\000a\000b\000o\000r\000a\000t\000i\000o\000n}{}% 1
\BOOKMARK [2][-]{subsection.1.1}{\376\377\000P\000e\000n\000t\000i\000n\000g\000n\000y\000a\000\040\000K\000o\000m\000u\000n\000i\000k\000a\000s\000i}{section.1}% 2
\BOOKMARK [2][-]{subsection.1.2}{\376\377\000K\000o\000l\000a\000b\000o\000r\000a\000s\000i\000\040\000d\000e\000n\000g\000a\000n\000\040\000T\000i\000m}{section.1}% 3
\BOOKMARK [2][-]{subsection.1.3}{\376\377\000P\000e\000n\000g\000e\000m\000b\000a\000n\000g\000a\000n\000\040\000K\000e\000t\000e\000r\000a\000m\000p\000i\000l\000a\000n}{section.1}% 4
\BOOKMARK [2][-]{subsection.1.4}{\376\377\000S\000y\000s\000t\000e\000m\000\040\000V\000e\000r\000s\000i\000o\000n\000\040\000C\000o\000n\000t\000r\000o\000l}{section.1}% 5
\BOOKMARK [2][-]{subsection.1.5}{\376\377\000M\000a\000n\000f\000a\000a\000t\000\040\000V\000e\000r\000s\000i\000o\000n\000\040\000C\000o\000n\000t\000r\000o\000l}{section.1}% 6
\BOOKMARK [2][-]{subsection.1.6}{\376\377\000K\000o\000l\000a\000b\000o\000r\000a\000s\000i\000\040\000d\000a\000n\000\040\000E\000f\000i\000s\000i\000e\000n\000s\000i\000\040\000V\000e\000r\000s\000i\000o\000n\000\040\000C\000o\000n\000t\000r\000o\000l}{section.1}% 7
\BOOKMARK [2][-]{subsection.1.7}{\376\377\000P\000e\000r\000a\000n\000\040\000d\000a\000l\000a\000m\000\040\000D\000e\000v\000O\000p\000s}{section.1}% 8
\BOOKMARK [2][-]{subsection.1.8}{\376\377\000K\000o\000l\000a\000b\000o\000r\000a\000s\000i\000\040\000d\000i\000\040\000M\000e\000t\000a}{section.1}% 9
\BOOKMARK [2][-]{subsection.1.9}{\376\377\000V\000e\000r\000s\000i\000o\000n\000\040\000C\000o\000n\000t\000r\000o\000l\000\040\000d\000i\000\040\000M\000e\000t\000a}{section.1}% 10
\BOOKMARK [2][-]{subsection.1.10}{\376\377\000T\000a\000n\000t\000a\000n\000g\000a\000n\000\040\000d\000a\000l\000a\000m\000\040\000K\000o\000l\000a\000b\000o\000r\000a\000s\000i}{section.1}% 11
\BOOKMARK [2][-]{subsection.1.11}{\376\377\000C\000e\000n\000t\000r\000a\000l\000i\000z\000e\000d\000\040\000V\000e\000r\000s\000i\000o\000n\000\040\000C\000o\000n\000t\000r\000o\000l\000\040\000S\000y\000s\000t\000e\000m\000s\000\040\000\050\000C\000V\000C\000S\000\051}{section.1}% 12
\BOOKMARK [2][-]{subsection.1.12}{\376\377\000D\000i\000s\000t\000r\000i\000b\000u\000t\000e\000d\000\040\000V\000e\000r\000s\000i\000o\000n\000\040\000C\000o\000n\000t\000r\000o\000l\000\040\000S\000y\000s\000t\000e\000m\000s\000\040\000\050\000D\000V\000C\000S\000\051}{section.1}% 13
\BOOKMARK [2][-]{subsection.1.13}{\376\377\000K\000e\000u\000n\000t\000u\000n\000g\000a\000n\000\040\000d\000a\000n\000\040\000K\000e\000r\000u\000g\000i\000a\000n\000\040\000V\000e\000r\000s\000i\000o\000n\000\040\000C\000o\000n\000t\000r\000o\000l\000\040\000S\000y\000s\000t\000e\000m}{section.1}% 14
\BOOKMARK [2][-]{subsection.1.14}{\376\377\000P\000e\000r\000b\000e\000d\000a\000a\000n\000\040\000U\000t\000a\000m\000a\000\040\000A\000n\000t\000a\000r\000a\000\040\000C\000V\000C\000S\000\040\000d\000a\000n\000\040\000D\000V\000C\000S}{section.1}% 15
\BOOKMARK [3][-]{subsubsection.1.14.1}{\376\377\000K\000e\000p\000e\000m\000i\000l\000i\000k\000a\000n\000\040\000R\000i\000w\000a\000y\000a\000t}{subsection.1.14}% 16
\BOOKMARK [3][-]{subsubsection.1.14.2}{\376\377\000K\000o\000n\000e\000k\000s\000i\000\040\000k\000e\000\040\000S\000e\000r\000v\000e\000r}{subsection.1.14}% 17
\BOOKMARK [3][-]{subsubsection.1.14.3}{\376\377\000P\000e\000n\000g\000e\000l\000o\000l\000a\000a\000n\000\040\000K\000o\000n\000f\000l\000i\000k}{subsection.1.14}% 18
\BOOKMARK [2][-]{subsection.1.15}{\376\377\000S\000e\000j\000a\000r\000a\000h\000\040\000V\000e\000r\000s\000i\000o\000n\000\040\000C\000o\000n\000t\000r\000o\000l}{section.1}% 19
\BOOKMARK [2][-]{subsection.1.16}{\376\377\000P\000e\000n\000g\000e\000m\000b\000a\000n\000g\000a\000n\000\040\000V\000C\000S\000\040\000S\000e\000l\000a\000n\000j\000u\000t\000n\000y\000a}{section.1}% 20
\BOOKMARK [2][-]{subsection.1.17}{\376\377\000M\000u\000n\000c\000u\000l\000n\000y\000a\000\040\000D\000i\000s\000t\000r\000i\000b\000u\000t\000e\000d\000\040\000V\000e\000r\000s\000i\000o\000n\000\040\000C\000o\000n\000t\000r\000o\000l\000\040\000S\000y\000s\000t\000e\000m\000s}{section.1}% 21
\BOOKMARK [2][-]{subsection.1.18}{\376\377\000W\000o\000r\000k\000f\000l\000o\000w}{section.1}% 22
\BOOKMARK [2][-]{subsection.1.19}{\376\377\000C\000o\000n\000t\000i\000n\000u\000o\000u\000s\000\040\000I\000n\000t\000e\000g\000r\000a\000t\000i\000o\000n\000\040\000\050\000C\000I\000\051}{section.1}% 23
\BOOKMARK [2][-]{subsection.1.20}{\376\377\000C\000o\000n\000t\000i\000n\000u\000o\000u\000s\000\040\000D\000e\000l\000i\000v\000e\000r\000y\000\040\000\050\000C\000D\000\051}{section.1}% 24
\BOOKMARK [2][-]{subsection.1.21}{\376\377\000C\000o\000n\000t\000i\000n\000u\000o\000u\000s\000\040\000D\000e\000p\000l\000o\000y\000m\000e\000n\000t}{section.1}% 25
\BOOKMARK [2][-]{subsection.1.22}{\376\377\000P\000r\000o\000s\000e\000s\000\040\000K\000e\000r\000j\000a\000\040\000T\000i\000m\000\040\000P\000e\000n\000g\000e\000m\000b\000a\000n\000g}{section.1}% 26
\BOOKMARK [2][-]{subsection.1.23}{\376\377\000M\000a\000n\000f\000a\000a\000t\000\040\000R\000i\000w\000a\000y\000a\000t\000\040\000R\000e\000v\000i\000s\000i}{section.1}% 27
\BOOKMARK [2][-]{subsection.1.24}{\376\377\000L\000i\000n\000g\000k\000u\000n\000g\000a\000n\000\040\000S\000t\000a\000g\000i\000n\000g}{section.1}% 28
\BOOKMARK [2][-]{subsection.1.25}{\376\377\000P\000e\000n\000g\000u\000j\000i\000a\000n\000\040\000d\000i\000\040\000S\000t\000a\000g\000i\000n\000g}{section.1}% 29
\BOOKMARK [2][-]{subsection.1.26}{\376\377\000M\000i\000g\000r\000a\000s\000i\000\040\000d\000a\000n\000\040\000P\000e\000r\000u\000b\000a\000h\000a\000n\000\040\000K\000o\000n\000f\000i\000g\000u\000r\000a\000s\000i\000\040\000d\000i\000\040\000S\000t\000a\000g\000i\000n\000g}{section.1}% 30
\BOOKMARK [2][-]{subsection.1.27}{\376\377\000L\000i\000n\000g\000k\000u\000n\000g\000a\000n\000\040\000P\000r\000o\000d\000u\000k\000s\000i\000\040\000\050\000P\000r\000o\000d\000u\000c\000t\000i\000o\000n\000\051}{section.1}% 31
\BOOKMARK [2][-]{subsection.1.28}{\376\377\000K\000e\000a\000m\000a\000n\000a\000n\000\040\000d\000a\000n\000\040\000R\000e\000p\000u\000t\000a\000s\000i\000\040\000d\000i\000\040\000P\000r\000o\000d\000u\000k\000s\000i}{section.1}% 32
\BOOKMARK [1][-]{section.2}{\376\377\000C\000o\000m\000m\000a\000n\000d\000\040\000L\000i\000n\000e}{}% 33
\BOOKMARK [2][-]{subsection.2.1}{\376\377\000I\000n\000t\000e\000r\000a\000k\000s\000i\000\040\000d\000e\000n\000g\000a\000n\000\040\000K\000o\000m\000p\000u\000t\000e\000r}{section.2}% 34
\BOOKMARK [2][-]{subsection.2.2}{\376\377\000G\000r\000a\000p\000h\000i\000c\000a\000l\000\040\000U\000s\000e\000r\000\040\000I\000n\000t\000e\000r\000f\000a\000c\000e\000s\000\040\000\050\000G\000U\000I\000s\000\051\000\040\000d\000a\000n\000\040\000C\000o\000m\000m\000a\000n\000d\000\040\000L\000i\000n\000e}{section.2}% 35
\BOOKMARK [2][-]{subsection.2.3}{\376\377\000P\000e\000r\000i\000n\000t\000a\000h\000\040\000D\000a\000s\000a\000r\000\040\000d\000i\000\040\000C\000o\000m\000m\000a\000n\000d\000\040\000L\000i\000n\000e}{section.2}% 36
\BOOKMARK [2][-]{subsection.2.4}{\376\377\000S\000e\000j\000a\000r\000a\000h\000\040\000U\000n\000i\000x\000\040\000d\000a\000n\000\040\000L\000i\000n\000u\000x}{section.2}% 37
\BOOKMARK [2][-]{subsection.2.5}{\376\377\000P\000e\000r\000i\000n\000t\000a\000h\000\040\000D\000a\000s\000a\000r\000\040\000U\000n\000i\000x}{section.2}% 38
\BOOKMARK [2][-]{subsection.2.6}{\376\377\000P\000e\000r\000i\000n\000t\000a\000h\000\040\000B\000a\000s\000h\000\040\000y\000a\000n\000g\000\040\000U\000m\000u\000m}{section.2}% 39
\BOOKMARK [2][-]{subsection.2.7}{\376\377\000F\000l\000a\000g\000s\000\040\000d\000a\000n\000\040\000M\000a\000n\000\040\000P\000a\000g\000e\000s}{section.2}% 40
\BOOKMARK [2][-]{subsection.2.8}{\376\377\000M\000e\000n\000g\000e\000d\000i\000t\000\040\000F\000i\000l\000e\000\040\000d\000e\000n\000g\000a\000n\000\040\000V\000I\000\040\000a\000t\000a\000u\000\040\000V\000I\000M}{section.2}% 41
\BOOKMARK [2][-]{subsection.2.9}{\376\377\000N\000a\000v\000i\000g\000a\000s\000i\000\040\000d\000a\000n\000\040\000F\000i\000l\000e\000\040\000K\000o\000n\000f\000i\000g\000u\000r\000a\000s\000i}{section.2}% 42
\BOOKMARK [2][-]{subsection.2.10}{\376\377\000M\000e\000m\000b\000u\000a\000t\000\040\000S\000h\000e\000l\000l\000\040\000S\000c\000r\000i\000p\000t}{section.2}% 43
\BOOKMARK [2][-]{subsection.2.11}{\376\377\000M\000e\000n\000j\000a\000l\000a\000n\000k\000a\000n\000\040\000d\000a\000n\000\040\000M\000e\000n\000g\000a\000t\000u\000r\000\040\000I\000z\000i\000n\000\040\000F\000i\000l\000e}{section.2}% 44
\BOOKMARK [2][-]{subsection.2.12}{\376\377\000S\000i\000m\000b\000o\000l\000\040\000I\000z\000i\000n\000\040\000F\000i\000l\000e}{section.2}% 45
\BOOKMARK [2][-]{subsection.2.13}{\376\377\000R\000e\000p\000r\000e\000s\000e\000n\000t\000a\000s\000i\000\040\000A\000n\000g\000k\000a\000\040\000u\000n\000t\000u\000k\000\040\000I\000z\000i\000n\000\040\000F\000i\000l\000e}{section.2}% 46
\BOOKMARK [2][-]{subsection.2.14}{\376\377\000C\000o\000n\000t\000o\000h\000\040\000P\000e\000n\000g\000a\000t\000u\000r\000a\000n\000\040\000I\000z\000i\000n}{section.2}% 47
\BOOKMARK [2][-]{subsection.2.15}{\376\377\000P\000e\000r\000i\000n\000t\000a\000h\000\040\000p\000w\000d\000\040\000\050\000p\000r\000i\000n\000t\000\040\000w\000o\000r\000k\000i\000n\000g\000\040\000d\000i\000r\000e\000c\000t\000o\000r\000y\000\051}{section.2}% 48
\BOOKMARK [2][-]{subsection.2.16}{\376\377\000P\000e\000r\000i\000n\000t\000a\000h\000\040\000l\000s\000\040\000\050\000l\000i\000s\000t\000\051}{section.2}% 49
\BOOKMARK [2][-]{subsection.2.17}{\376\377\000P\000e\000r\000i\000n\000t\000a\000h\000\040\000c\000d\000\040\000\050\000c\000h\000a\000n\000g\000e\000\040\000d\000i\000r\000e\000c\000t\000o\000r\000y\000\051}{section.2}% 50
\BOOKMARK [2][-]{subsection.2.18}{\376\377\000P\000e\000r\000i\000n\000t\000a\000h\000\040\000m\000k\000d\000i\000r\000\040\000\050\000M\000a\000k\000e\000\040\000D\000i\000r\000e\000c\000t\000o\000r\000y\000\051}{section.2}% 51
\BOOKMARK [2][-]{subsection.2.19}{\376\377\000P\000e\000r\000i\000n\000t\000a\000h\000\040\000m\000v\000\040\000\050\000M\000o\000v\000e\000\051}{section.2}% 52
\BOOKMARK [2][-]{subsection.2.20}{\376\377\000T\000i\000p\000s\000\040\000C\000o\000m\000m\000a\000n\000d\000\040\000L\000i\000n\000e}{section.2}% 53
\BOOKMARK [2][-]{subsection.2.21}{\376\377\000P\000e\000r\000i\000n\000t\000a\000h\000\040\000w\000c\000\040\000\050\000W\000o\000r\000d\000\040\000C\000o\000u\000n\000t\000\051}{section.2}% 54
\BOOKMARK [2][-]{subsection.2.22}{\376\377\000P\000i\000p\000e}{section.2}% 55
\BOOKMARK [2][-]{subsection.2.23}{\376\377\000R\000e\000d\000i\000r\000e\000c\000t\000i\000o\000n\000\040\000d\000a\000l\000a\000m\000\040\000L\000i\000n\000u\000x}{section.2}% 56
\BOOKMARK [3][-]{subsubsection.2.23.1}{\376\377\000D\000a\000s\000a\000r\000\040\000R\000e\000d\000i\000r\000e\000c\000t\000i\000o\000n}{subsection.2.23}% 57
\BOOKMARK [3][-]{subsubsection.2.23.2}{\376\377\000J\000e\000n\000i\000s\000\040\000R\000e\000d\000i\000r\000e\000c\000t\000i\000o\000n\000\040\000d\000a\000n\000\040\000C\000o\000n\000t\000o\000h\000\040\000P\000r\000a\000k\000t\000i\000s}{subsection.2.23}% 58
\BOOKMARK [2][-]{subsection.2.24}{\376\377\000P\000e\000n\000g\000a\000n\000t\000a\000r\000\040\000t\000e\000n\000t\000a\000n\000g\000\040\000G\000r\000e\000p}{section.2}% 59
\BOOKMARK [2][-]{subsection.2.25}{\376\377\000P\000e\000n\000c\000a\000r\000i\000a\000n\000\040\000d\000e\000n\000g\000a\000n\000\040\000G\000r\000e\000p}{section.2}% 60
\BOOKMARK [2][-]{subsection.2.26}{\376\377\000M\000e\000n\000g\000g\000u\000n\000a\000k\000a\000n\000\040\000F\000l\000a\000g\000\040\000p\000a\000d\000a\000\040\000G\000r\000e\000p}{section.2}% 61
\BOOKMARK [2][-]{subsection.2.27}{\376\377\000M\000e\000n\000g\000g\000a\000b\000u\000n\000g\000k\000a\000n\000\040\000P\000e\000n\000c\000a\000r\000i\000a\000n\000\040\000d\000e\000n\000g\000a\000n\000\040\000P\000i\000p\000e\000\040\000d\000a\000n\000\040\000G\000r\000e\000p}{section.2}% 62
\BOOKMARK [1][-]{section.3}{\376\377\000W\000o\000r\000k\000i\000n\000g\000\040\000w\000i\000t\000h\000\040\000G\000i\000t}{}% 63
\BOOKMARK [2][-]{subsection.3.1}{\376\377\000G\000i\000t\000\040\000d\000a\000n\000\040\000G\000i\000t\000H\000u\000b}{section.3}% 64
\BOOKMARK [3][-]{subsubsection.3.1.1}{\376\377\000G\000i\000t\000H\000u\000b}{subsection.3.1}% 65
\BOOKMARK [2][-]{subsection.3.2}{\376\377\000D\000a\000s\000a\000r\000-\000D\000a\000s\000a\000r\000\040\000R\000e\000p\000o\000s\000i\000t\000o\000r\000y\000\040\000d\000a\000n\000\040\000B\000r\000a\000n\000c\000h}{section.3}% 66
\BOOKMARK [3][-]{subsubsection.3.2.1}{\376\377\000R\000e\000p\000o\000s\000i\000t\000o\000r\000y}{subsection.3.2}% 67
\BOOKMARK [3][-]{subsubsection.3.2.2}{\376\377\000U\000p\000s\000t\000r\000e\000a\000m}{subsection.3.2}% 68
\BOOKMARK [3][-]{subsubsection.3.2.3}{\376\377\000B\000r\000a\000n\000c\000h\000\040\000M\000a\000i\000n}{subsection.3.2}% 69
\BOOKMARK [2][-]{subsection.3.3}{\376\377\000A\000l\000u\000r\000\040\000K\000e\000r\000j\000a\000\040\000G\000i\000t\000\040\000\050\000S\000t\000a\000t\000u\000s\000\040\000F\000i\000l\000e\000\051}{section.3}% 70
\BOOKMARK [3][-]{subsubsection.3.3.1}{\376\377\000A\000l\000u\000r\000\040\000K\000e\000r\000j\000a\000\040\000D\000a\000s\000a\000r\000\040\000d\000a\000n\000\040\000P\000e\000r\000i\000n\000t\000a\000h}{subsection.3.3}% 71
\BOOKMARK [2][-]{subsection.3.4}{\376\377\000M\000e\000n\000g\000e\000l\000o\000l\000a\000\040\000B\000r\000a\000n\000c\000h\000\040\000d\000a\000n\000\040\000P\000u\000l\000l\000\040\000R\000e\000q\000u\000e\000s\000t}{section.3}% 72
\BOOKMARK [3][-]{subsubsection.3.4.1}{\376\377\000M\000e\000m\000b\000u\000a\000t\000\040\000d\000a\000n\000\040\000B\000e\000r\000p\000i\000n\000d\000a\000h\000\040\000B\000r\000a\000n\000c\000h}{subsection.3.4}% 73
\BOOKMARK [3][-]{subsubsection.3.4.2}{\376\377\000W\000o\000r\000k\000f\000l\000o\000w\000\040\000P\000u\000l\000l\000\040\000R\000e\000q\000u\000e\000s\000t\000\040\000\050\000P\000R\000\051}{subsection.3.4}% 74
\BOOKMARK [3][-]{subsubsection.3.4.3}{\376\377\000G\000i\000t\000\040\000W\000o\000r\000k\000f\000l\000o\000w}{subsection.3.4}% 75
\BOOKMARK [2][-]{subsection.3.5}{\376\377\000I\000n\000s\000p\000e\000k\000s\000i\000\040\000d\000a\000n\000\040\000P\000e\000r\000b\000a\000n\000d\000i\000n\000g\000a\000n\000\040\000K\000o\000d\000e}{section.3}% 76
\BOOKMARK [3][-]{subsubsection.3.5.1}{\376\377\000H\000E\000A\000D\000\040\000d\000a\000n\000\040\000S\000t\000r\000u\000k\000t\000u\000r\000\040\000.\000g\000i\000t}{subsection.3.5}% 77
\BOOKMARK [3][-]{subsubsection.3.5.2}{\376\377\000G\000i\000t\000\040\000D\000i\000f\000f}{subsection.3.5}% 78
\BOOKMARK [3][-]{subsubsection.3.5.3}{\376\377\000G\000i\000t\000\040\000B\000l\000a\000m\000e}{subsection.3.5}% 79
\BOOKMARK [2][-]{subsection.3.6}{\376\377\000M\000e\000r\000g\000e\000\040\000C\000o\000n\000f\000l\000i\000c\000t\000\040\000d\000a\000n\000\040\000F\000o\000r\000k\000i\000n\000g}{section.3}% 80
\BOOKMARK [3][-]{subsubsection.3.6.1}{\376\377\000M\000e\000r\000g\000e\000\040\000C\000o\000n\000f\000l\000i\000c\000t}{subsection.3.6}% 81
\BOOKMARK [3][-]{subsubsection.3.6.2}{\376\377\000F\000o\000r\000k\000i\000n\000g}{subsection.3.6}% 82
