\BOOKMARK [1][-]{section.1}{\376\377\000I\000n\000t\000r\000o\000d\000u\000c\000t\000i\000o\000n\000\040\000t\000o\000\040\000D\000a\000t\000a\000b\000a\000s\000e\000s}{}% 1
\BOOKMARK [2][-]{subsection.1.1}{\376\377\000P\000e\000n\000g\000e\000r\000t\000i\000a\000n\000\040\000D\000a\000t\000a}{section.1}% 2
\BOOKMARK [2][-]{subsection.1.2}{\376\377\000P\000e\000n\000g\000e\000r\000t\000i\000a\000n\000\040\000B\000a\000s\000i\000s\000\040\000D\000a\000t\000a\000/\000D\000a\000t\000a\000b\000a\000s\000e}{section.1}% 3
\BOOKMARK [2][-]{subsection.1.3}{\376\377\000O\000r\000g\000a\000n\000i\000s\000a\000s\000i\000\040\000D\000a\000t\000a\000\040\000d\000a\000l\000a\000m\000\040\000B\000a\000s\000i\000s\000\040\000D\000a\000t\000a\000/\000D\000a\000t\000a\000b\000a\000s\000e}{section.1}% 4
\BOOKMARK [2][-]{subsection.1.4}{\376\377\000H\000u\000b\000u\000n\000g\000a\000n\000\040\000D\000a\000t\000a\000\040\000d\000a\000l\000a\000m\000\040\000B\000a\000s\000i\000s\000\040\000D\000a\000t\000a}{section.1}% 5
\BOOKMARK [2][-]{subsection.1.5}{\376\377\000S\000t\000r\000u\000k\000t\000u\000r\000\040\000T\000a\000b\000e\000l\000\040\000P\000e\000l\000a\000n\000g\000g\000a\000n}{section.1}% 6
\BOOKMARK [2][-]{subsection.1.6}{\376\377\000S\000t\000r\000u\000k\000t\000u\000r\000\040\000T\000a\000b\000e\000l\000\040\000P\000e\000s\000a\000n\000a\000n}{section.1}% 7
\BOOKMARK [2][-]{subsection.1.7}{\376\377\000P\000e\000n\000g\000u\000m\000p\000u\000l\000a\000n\000\040\000d\000a\000n\000\040\000P\000e\000n\000y\000a\000j\000i\000a\000n\000\040\000D\000a\000t\000a}{section.1}% 8
\BOOKMARK [2][-]{subsection.1.8}{\376\377\000J\000e\000n\000i\000s\000\040\000G\000r\000a\000f\000i\000k\000\040\000U\000m\000u\000m}{section.1}% 9
\BOOKMARK [2][-]{subsection.1.9}{\376\377\000M\000e\000m\000i\000l\000i\000h\000\040\000G\000r\000a\000f\000i\000k\000\040\000y\000a\000n\000g\000\040\000T\000e\000p\000a\000t}{section.1}% 10
\BOOKMARK [2][-]{subsection.1.10}{\376\377\000J\000e\000n\000i\000s\000\040\000B\000a\000s\000i\000s\000\040\000D\000a\000t\000a}{section.1}% 11
\BOOKMARK [2][-]{subsection.1.11}{\376\377\000B\000i\000g\000\040\000D\000a\000t\000a}{section.1}% 12
\BOOKMARK [2][-]{subsection.1.12}{\376\377\000B\000a\000s\000i\000s\000\040\000D\000a\000t\000a\000\040\000C\000l\000o\000u\000d}{section.1}% 13
\BOOKMARK [2][-]{subsection.1.13}{\376\377\000S\000e\000j\000a\000r\000a\000h\000\040\000B\000a\000s\000i\000s\000\040\000D\000a\000t\000a}{section.1}% 14
\BOOKMARK [2][-]{subsection.1.14}{\376\377\000P\000e\000r\000k\000e\000m\000b\000a\000n\000g\000a\000n\000\040\000B\000a\000s\000i\000s\000\040\000D\000a\000t\000a}{section.1}% 15
\BOOKMARK [2][-]{subsection.1.15}{\376\377\000T\000i\000p\000e\000-\000T\000i\000p\000e\000\040\000B\000a\000s\000i\000s\000\040\000D\000a\000t\000a\000\040\000K\000l\000a\000s\000i\000k}{section.1}% 16
\BOOKMARK [2][-]{subsection.1.16}{\376\377\000R\000e\000l\000a\000t\000i\000o\000n\000a\000l\000\040\000D\000a\000t\000a\000b\000a\000s\000e\000s}{section.1}% 17
\BOOKMARK [2][-]{subsection.1.17}{\376\377\000N\000o\000S\000Q\000L\000\040\000D\000a\000t\000a\000b\000a\000s\000e\000s}{section.1}% 18
\BOOKMARK [2][-]{subsection.1.18}{\376\377\000B\000a\000c\000a\000a\000n\000\040\000B\000e\000r\000m\000a\000n\000f\000a\000a\000t}{section.1}% 19
\BOOKMARK [2][-]{subsection.1.19}{\376\377\000S\000t\000r\000u\000c\000t\000u\000r\000e\000d\000\040\000Q\000u\000e\000r\000y\000\040\000L\000a\000n\000g\000u\000a\000g\000e\000\040\000\050\000S\000Q\000L\000\051}{section.1}% 20
\BOOKMARK [2][-]{subsection.1.20}{\376\377\000C\000R\000U\000D\000\040\000O\000p\000e\000r\000a\000t\000i\000o\000n\000s\000\040\000\050\000S\000i\000n\000g\000k\000a\000t\000a\000n\000\051}{section.1}% 21
\BOOKMARK [2][-]{subsection.1.21}{\376\377\000D\000a\000t\000a\000b\000a\000s\000e\000\040\000M\000a\000n\000a\000g\000e\000m\000e\000n\000t\000\040\000S\000y\000s\000t\000e\000m\000\040\000\050\000D\000B\000M\000S\000\051}{section.1}% 22
\BOOKMARK [2][-]{subsection.1.22}{\376\377\000C\000R\000U\000D\000\040\000O\000p\000e\000r\000a\000t\000i\000o\000n\000s\000\040\000\050\000P\000e\000n\000j\000e\000l\000a\000s\000a\000n\000\051}{section.1}% 23
\BOOKMARK [2][-]{subsection.1.23}{\376\377\000S\000u\000b\000b\000a\000h\000a\000s\000a\000\040\000S\000Q\000L}{section.1}% 24
\BOOKMARK [2][-]{subsection.1.24}{\376\377\000P\000e\000r\000i\000n\000t\000a\000h\000\040\000S\000Q\000L\000\040\000\050\000B\000e\000r\000d\000a\000s\000a\000r\000k\000a\000n\000\040\000S\000u\000b\000b\000a\000h\000a\000s\000a\000\051}{section.1}% 25
\BOOKMARK [2][-]{subsection.1.25}{\376\377\000P\000e\000n\000g\000a\000m\000b\000i\000l\000a\000n\000\040\000D\000a\000t\000a\000\040\000d\000a\000n\000\040\000K\000o\000n\000t\000r\000o\000l\000\040\000A\000k\000s\000e\000s}{section.1}% 26
\BOOKMARK [2][-]{subsection.1.26}{\376\377\000K\000e\000u\000n\000t\000u\000n\000g\000a\000n\000\040\000M\000e\000n\000g\000g\000u\000n\000a\000k\000a\000n\000\040\000S\000Q\000L}{section.1}% 27
\BOOKMARK [2][-]{subsection.1.27}{\376\377\000K\000a\000r\000a\000k\000t\000e\000r\000i\000s\000t\000i\000k\000\040\000S\000Q\000L}{section.1}% 28
\BOOKMARK [2][-]{subsection.1.28}{\376\377\000F\000u\000n\000g\000s\000i\000\040\000S\000Q\000L\000\040\000d\000a\000l\000a\000m\000\040\000M\000a\000n\000a\000j\000e\000m\000e\000n\000\040\000B\000a\000s\000i\000s\000\040\000D\000a\000t\000a}{section.1}% 29
\BOOKMARK [2][-]{subsection.1.29}{\376\377\000P\000e\000n\000g\000e\000n\000a\000l\000a\000n\000\040\000S\000Q\000L\000\040\000d\000a\000n\000\040\000P\000e\000m\000b\000u\000a\000t\000a\000n\000\040\000D\000a\000t\000a\000b\000a\000s\000e}{section.1}% 30
\BOOKMARK [2][-]{subsection.1.30}{\376\377\000P\000e\000m\000b\000u\000a\000t\000a\000n\000\040\000T\000a\000b\000e\000l\000\040\000d\000a\000n\000\040\000P\000e\000n\000e\000n\000t\000u\000a\000n\000\040\000F\000i\000e\000l\000d}{section.1}% 31
\BOOKMARK [2][-]{subsection.1.31}{\376\377\000M\000a\000n\000i\000p\000u\000l\000a\000s\000i\000\040\000D\000a\000t\000a\000\040\000d\000a\000l\000a\000m\000\040\000T\000a\000b\000e\000l}{section.1}% 32
\BOOKMARK [2][-]{subsection.1.32}{\376\377\000P\000e\000m\000b\000a\000c\000a\000a\000n\000\040\000D\000a\000t\000a\000\040\000d\000a\000r\000i\000\040\000T\000a\000b\000e\000l}{section.1}% 33
\BOOKMARK [2][-]{subsection.1.33}{\376\377\000K\000a\000t\000e\000g\000o\000r\000i\000s\000a\000s\000i\000\040\000P\000e\000r\000i\000n\000t\000a\000h\000\040\000S\000Q\000L\000\040\000d\000a\000n\000\040\000C\000o\000n\000t\000o\000h\000\040\000S\000y\000n\000t\000a\000x}{section.1}% 34
\BOOKMARK [3][-]{subsubsection.1.33.1}{\376\377\000D\000a\000t\000a\000\040\000D\000e\000f\000i\000n\000i\000t\000i\000o\000n\000\040\000L\000a\000n\000g\000u\000a\000g\000e\000\040\000\050\000D\000D\000L\000\051}{subsection.1.33}% 35
\BOOKMARK [3][-]{subsubsection.1.33.2}{\376\377\000D\000a\000t\000a\000\040\000M\000a\000n\000i\000p\000u\000l\000a\000t\000i\000o\000n\000\040\000L\000a\000n\000g\000u\000a\000g\000e\000\040\000\050\000D\000M\000L\000\051}{subsection.1.33}% 36
\BOOKMARK [3][-]{subsubsection.1.33.3}{\376\377\000D\000a\000t\000a\000\040\000C\000o\000n\000t\000r\000o\000l\000\040\000L\000a\000n\000g\000u\000a\000g\000e\000\040\000\050\000D\000C\000L\000\051}{subsection.1.33}% 37
\BOOKMARK [3][-]{subsubsection.1.33.4}{\376\377\000T\000r\000a\000n\000s\000a\000c\000t\000i\000o\000n\000\040\000C\000o\000n\000t\000r\000o\000l\000\040\000L\000a\000n\000g\000u\000a\000g\000e\000\040\000\050\000T\000C\000L\000\051}{subsection.1.33}% 38
\BOOKMARK [2][-]{subsection.1.34}{\376\377\000P\000e\000n\000g\000e\000n\000a\000l\000a\000n\000\040\000T\000a\000b\000e\000l\000\040\000d\000a\000l\000a\000m\000\040\000B\000a\000s\000i\000s\000\040\000D\000a\000t\000a}{section.1}% 39
\BOOKMARK [2][-]{subsection.1.35}{\376\377\000S\000t\000r\000u\000k\000t\000u\000r\000\040\000T\000a\000b\000e\000l}{section.1}% 40
\BOOKMARK [2][-]{subsection.1.36}{\376\377\000T\000i\000p\000e\000\040\000D\000a\000t\000a\000\040\000d\000a\000n\000\040\000D\000o\000m\000a\000i\000n}{section.1}% 41
\BOOKMARK [2][-]{subsection.1.37}{\376\377\000P\000r\000i\000m\000a\000r\000y\000\040\000K\000e\000y\000\040\000\046\000\040\000F\000o\000r\000e\000i\000g\000n\000\040\000K\000e\000y\000\040\000\050\000S\000t\000r\000u\000k\000t\000u\000r\000\040\000T\000a\000b\000e\000l\000\051}{section.1}% 42
\BOOKMARK [2][-]{subsection.1.38}{\376\377\000B\000a\000t\000a\000s\000a\000n\000\040\000I\000n\000t\000e\000g\000r\000i\000t\000a\000s\000\040\000\050\000I\000n\000t\000e\000g\000r\000i\000t\000y\000\040\000C\000o\000n\000s\000t\000r\000a\000i\000n\000t\000\051}{section.1}% 43
\BOOKMARK [2][-]{subsection.1.39}{\376\377\000S\000t\000r\000u\000k\000t\000u\000r\000\040\000L\000o\000g\000i\000s\000\040\000d\000a\000n\000\040\000F\000i\000s\000i\000k}{section.1}% 44
\BOOKMARK [2][-]{subsection.1.40}{\376\377\000J\000e\000n\000i\000s\000\040\000H\000u\000b\000u\000n\000g\000a\000n}{section.1}% 45
\BOOKMARK [1][-]{section.2}{\376\377\000C\000r\000e\000a\000t\000e\000,\000\040\000R\000e\000a\000d\000,\000\040\000U\000p\000d\000a\000t\000e\000,\000\040\000a\000n\000d\000\040\000D\000e\000l\000e\000t\000e\000\040\000\050\000C\000R\000U\000D\000\051\000\040\000O\000p\000e\000r\000a\000t\000i\000o\000n\000s}{}% 46
\BOOKMARK [2][-]{subsection.2.1}{\376\377\000T\000i\000p\000e\000\040\000D\000a\000t\000a\000\040\000d\000a\000l\000a\000m\000\040\000B\000a\000s\000i\000s\000\040\000D\000a\000t\000a}{section.2}% 47
\BOOKMARK [2][-]{subsection.2.2}{\376\377\000T\000i\000p\000e\000\040\000D\000a\000t\000a\000\040\000N\000u\000m\000e\000r\000i\000k}{section.2}% 48
\BOOKMARK [2][-]{subsection.2.3}{\376\377\000C\000o\000n\000t\000o\000h\000\040\000P\000e\000n\000g\000g\000u\000n\000a\000a\000n\000\040\000T\000i\000p\000e\000\040\000D\000a\000t\000a\000\040\000N\000u\000m\000e\000r\000i\000k}{section.2}% 49
\BOOKMARK [2][-]{subsection.2.4}{\376\377\000V\000a\000r\000i\000a\000s\000i\000\040\000T\000i\000p\000e\000\040\000D\000a\000t\000a\000\040\000N\000u\000m\000e\000r\000i\000k}{section.2}% 50
\BOOKMARK [2][-]{subsection.2.5}{\376\377\000T\000i\000p\000e\000\040\000D\000a\000t\000a\000\040\000S\000t\000r\000i\000n\000g\000\040\000d\000a\000l\000a\000m\000\040\000B\000a\000s\000i\000s\000\040\000D\000a\000t\000a}{section.2}% 51
\BOOKMARK [2][-]{subsection.2.6}{\376\377\000C\000H\000A\000R\000\040\000v\000s\000.\000\040\000V\000A\000R\000C\000H\000A\000R}{section.2}% 52
\BOOKMARK [2][-]{subsection.2.7}{\376\377\000C\000o\000n\000t\000o\000h\000\040\000P\000e\000n\000g\000g\000u\000n\000a\000a\000n\000\040\000T\000i\000p\000e\000\040\000D\000a\000t\000a\000\040\000S\000t\000r\000i\000n\000g}{section.2}% 53
\BOOKMARK [2][-]{subsection.2.8}{\376\377\000T\000i\000p\000e\000\040\000D\000a\000t\000a\000\040\000S\000t\000r\000i\000n\000g\000\040\000L\000a\000i\000n\000n\000y\000a}{section.2}% 54
\BOOKMARK [2][-]{subsection.2.9}{\376\377\000P\000e\000n\000g\000e\000r\000t\000i\000a\000n\000\040\000C\000o\000n\000s\000t\000r\000a\000i\000n\000t\000s\000\040\000d\000a\000l\000a\000m\000\040\000B\000a\000s\000i\000s\000\040\000D\000a\000t\000a}{section.2}% 55
\BOOKMARK [2][-]{subsection.2.10}{\376\377\000N\000O\000T\000\040\000N\000U\000L\000L\000\040\000C\000o\000n\000s\000t\000r\000a\000i\000n\000t}{section.2}% 56
\BOOKMARK [2][-]{subsection.2.11}{\376\377\000D\000E\000F\000A\000U\000L\000T\000\040\000C\000o\000n\000s\000t\000r\000a\000i\000n\000t}{section.2}% 57
\BOOKMARK [2][-]{subsection.2.12}{\376\377\000C\000H\000E\000C\000K\000\040\000C\000o\000n\000s\000t\000r\000a\000i\000n\000t}{section.2}% 58
\BOOKMARK [2][-]{subsection.2.13}{\376\377\000I\000m\000p\000l\000e\000m\000e\000n\000t\000a\000s\000i\000\040\000N\000O\000T\000\040\000N\000U\000L\000L\000\040\000\046\000\040\000D\000E\000F\000A\000U\000L\000T\000\040\000d\000a\000l\000a\000m\000\040\000S\000Q\000L}{section.2}% 59
\BOOKMARK [2][-]{subsection.2.14}{\376\377\000P\000e\000r\000i\000n\000t\000a\000h\000\040\000C\000R\000E\000A\000T\000E\000\040\000u\000n\000t\000u\000k\000\040\000m\000e\000m\000b\000u\000a\000t\000\040\000D\000a\000t\000a\000b\000a\000s\000e}{section.2}% 60
\BOOKMARK [2][-]{subsection.2.15}{\376\377\000P\000e\000r\000i\000n\000t\000a\000h\000\040\000D\000R\000O\000P\000\040\000u\000n\000t\000u\000k\000\040\000m\000e\000n\000g\000h\000a\000p\000u\000s\000\040\000D\000a\000t\000a\000b\000a\000s\000e}{section.2}% 61
\BOOKMARK [2][-]{subsection.2.16}{\376\377\000P\000o\000i\000n\000\040\000P\000e\000n\000t\000i\000n\000g\000\040\000p\000a\000d\000a\000\040\000C\000R\000E\000A\000T\000E\000\040\000d\000a\000n\000\040\000D\000R\000O\000P}{section.2}% 62
\BOOKMARK [2][-]{subsection.2.17}{\376\377\000S\000i\000n\000t\000a\000k\000s\000\040\000C\000R\000E\000A\000T\000E\000\040\000T\000A\000B\000L\000E\000\040\000S\000Q\000L}{section.2}% 63
\BOOKMARK [2][-]{subsection.2.18}{\376\377\000P\000e\000n\000g\000e\000n\000a\000l\000a\000n\000\040\000P\000e\000r\000i\000n\000t\000a\000h\000\040\000A\000L\000T\000E\000R\000\040\000T\000A\000B\000L\000E}{section.2}% 64
\BOOKMARK [2][-]{subsection.2.19}{\376\377\000M\000e\000n\000a\000m\000b\000a\000h\000k\000a\000n\000\040\000K\000o\000l\000o\000m\000\040\000B\000a\000r\000u\000\040\000p\000a\000d\000a\000\040\000T\000a\000b\000e\000l}{section.2}% 65
\BOOKMARK [2][-]{subsection.2.20}{\376\377\000M\000e\000n\000g\000h\000a\000p\000u\000s\000\040\000K\000o\000l\000o\000m\000\040\000p\000a\000d\000a\000\040\000T\000a\000b\000e\000l}{section.2}% 66
\BOOKMARK [2][-]{subsection.2.21}{\376\377\000M\000e\000n\000g\000u\000b\000a\000h\000\040\000A\000t\000r\000i\000b\000u\000t\000\040\000K\000o\000l\000o\000m}{section.2}% 67
\BOOKMARK [2][-]{subsection.2.22}{\376\377\000P\000e\000n\000g\000e\000n\000a\000l\000a\000n\000\040\000S\000i\000n\000t\000a\000k\000s\000i\000s\000\040\000I\000N\000S\000E\000R\000T\000\040\000I\000N\000T\000O}{section.2}% 68
\BOOKMARK [2][-]{subsection.2.23}{\376\377\000M\000e\000n\000a\000m\000b\000a\000h\000k\000a\000n\000\040\000B\000e\000b\000e\000r\000a\000p\000a\000\040\000B\000a\000r\000i\000s\000\040\000D\000a\000t\000a}{section.2}% 69
\BOOKMARK [2][-]{subsection.2.24}{\376\377\000P\000e\000n\000g\000g\000u\000n\000a\000a\000n\000\040\000P\000e\000r\000n\000y\000a\000t\000a\000a\000n\000\040\000S\000Q\000L\000\040\000S\000E\000L\000E\000C\000T}{section.2}% 70
\BOOKMARK [2][-]{subsection.2.25}{\376\377\000M\000e\000n\000g\000a\000m\000b\000i\000l\000\040\000D\000a\000t\000a\000\040\000d\000a\000r\000i\000\040\000B\000e\000b\000e\000r\000a\000p\000a\000\040\000K\000o\000l\000o\000m}{section.2}% 71
\BOOKMARK [2][-]{subsection.2.26}{\376\377\000M\000e\000n\000g\000a\000m\000b\000i\000l\000\040\000S\000e\000m\000u\000a\000\040\000D\000a\000t\000a\000\040\000d\000a\000r\000i\000\040\000T\000a\000b\000e\000l}{section.2}% 72
\BOOKMARK [2][-]{subsection.2.27}{\376\377\000P\000e\000n\000g\000a\000n\000t\000a\000r\000\040\000P\000e\000r\000n\000y\000a\000t\000a\000a\000n\000\040\000I\000N\000S\000E\000R\000T\000\040\000I\000N\000T\000O\000\040\000S\000E\000L\000E\000C\000T}{section.2}% 73
\BOOKMARK [2][-]{subsection.2.28}{\376\377\000S\000i\000n\000t\000a\000k\000s\000\040\000D\000a\000s\000a\000r\000\040\000I\000N\000S\000E\000R\000T\000\040\000I\000N\000T\000O\000\040\000S\000E\000L\000E\000C\000T}{section.2}% 74
\BOOKMARK [2][-]{subsection.2.29}{\376\377\000P\000e\000r\000i\000n\000t\000a\000h\000\040\000U\000P\000D\000A\000T\000E}{section.2}% 75
\BOOKMARK [2][-]{subsection.2.30}{\376\377\000M\000e\000n\000g\000h\000a\000p\000u\000s\000\040\000R\000e\000c\000o\000r\000d\000\040\000d\000a\000r\000i\000\040\000T\000a\000b\000e\000l\000\040\000\050\000D\000E\000L\000E\000T\000E\000\051}{section.2}% 76
\BOOKMARK [2][-]{subsection.2.31}{\376\377\000M\000e\000l\000i\000h\000a\000t\000\040\000D\000a\000t\000a\000b\000a\000s\000e\000\040\000A\000k\000t\000i\000f}{section.2}% 77
\BOOKMARK [1][-]{section.3}{\376\377\000S\000Q\000L\000\040\000O\000p\000e\000r\000a\000t\000o\000r\000s\000,\000\040\000S\000o\000r\000t\000i\000n\000g\000,\000\040\000a\000n\000d\000\040\000F\000i\000l\000t\000e\000r\000i\000n\000g\000\040\000D\000a\000t\000a}{}% 78
\BOOKMARK [2][-]{subsection.3.1}{\376\377\000P\000e\000n\000g\000a\000n\000t\000a\000r\000\040\000O\000p\000e\000r\000a\000t\000o\000r\000\040\000A\000r\000i\000t\000m\000a\000t\000i\000k\000a\000\040\000d\000a\000l\000a\000m\000\040\000S\000Q\000L}{section.3}% 79
\BOOKMARK [2][-]{subsection.3.2}{\376\377\000J\000e\000n\000i\000s\000\040\000O\000p\000e\000r\000a\000t\000o\000r\000\040\000A\000r\000i\000t\000m\000a\000t\000i\000k\000a}{section.3}% 80
\BOOKMARK [2][-]{subsection.3.3}{\376\377\000C\000o\000n\000t\000o\000h\000\040\000P\000e\000n\000g\000g\000u\000n\000a\000a\000n\000\040\000O\000p\000e\000r\000a\000t\000o\000r\000\040\000A\000r\000i\000t\000m\000a\000t\000i\000k\000a\000\040\000S\000e\000d\000e\000r\000h\000a\000n\000a}{section.3}% 81
\BOOKMARK [2][-]{subsection.3.4}{\376\377\000P\000e\000n\000g\000g\000u\000n\000a\000a\000n\000\040\000O\000p\000e\000r\000a\000t\000o\000r\000\040\000d\000a\000l\000a\000m\000\040\000S\000Q\000L}{section.3}% 82
\BOOKMARK [2][-]{subsection.3.5}{\376\377\000O\000p\000e\000r\000a\000t\000o\000r\000\040\000A\000r\000i\000t\000m\000a\000t\000i\000k\000a\000\040\000d\000a\000l\000a\000m\000\040\000K\000l\000a\000u\000s\000a\000\040\000S\000E\000L\000E\000C\000T\000\040\000d\000a\000n\000\040\000W\000H\000E\000R\000E}{section.3}% 83
\BOOKMARK [3][-]{subsubsection.3.5.1}{\376\377\000P\000e\000n\000j\000u\000m\000l\000a\000h\000a\000n\000\040\000\050\000+\000\051}{subsection.3.5}% 84
\BOOKMARK [3][-]{subsubsection.3.5.2}{\376\377\000P\000e\000n\000g\000u\000r\000a\000n\000g\000a\000n\000\040\000\050\000-\000\051}{subsection.3.5}% 85
\BOOKMARK [3][-]{subsubsection.3.5.3}{\376\377\000P\000e\000r\000k\000a\000l\000i\000a\000n\000\040\000\050\000*\000\051}{subsection.3.5}% 86
\BOOKMARK [3][-]{subsubsection.3.5.4}{\376\377\000P\000e\000m\000b\000a\000g\000i\000a\000n\000\040\000\050\000/\000\051}{subsection.3.5}% 87
\BOOKMARK [3][-]{subsubsection.3.5.5}{\376\377\000M\000o\000d\000u\000l\000u\000s\000\040\000\050\000\045\000\051}{subsection.3.5}% 88
\BOOKMARK [2][-]{subsection.3.6}{\376\377\000P\000e\000n\000g\000a\000n\000t\000a\000r\000\040\000O\000p\000e\000r\000a\000t\000o\000r\000\040\000P\000e\000r\000b\000a\000n\000d\000i\000n\000g\000a\000n}{section.3}% 89
\BOOKMARK [2][-]{subsection.3.7}{\376\377\000J\000e\000n\000i\000s\000\040\000O\000p\000e\000r\000a\000t\000o\000r\000\040\000P\000e\000r\000b\000a\000n\000d\000i\000n\000g\000a\000n}{section.3}% 90
\BOOKMARK [2][-]{subsection.3.8}{\376\377\000C\000o\000n\000t\000o\000h\000\040\000P\000e\000n\000g\000g\000u\000n\000a\000a\000n\000\040\000O\000p\000e\000r\000a\000t\000o\000r\000\040\000P\000e\000r\000b\000a\000n\000d\000i\000n\000g\000a\000n}{section.3}% 91
\BOOKMARK [2][-]{subsection.3.9}{\376\377\000K\000l\000a\000u\000s\000a\000\040\000O\000R\000D\000E\000R\000\040\000B\000Y\000\040\000d\000a\000l\000a\000m\000\040\000S\000Q\000L}{section.3}% 92
\BOOKMARK [2][-]{subsection.3.10}{\376\377\000S\000i\000n\000t\000a\000k\000s\000\040\000D\000a\000s\000a\000r\000\040\000O\000R\000D\000E\000R\000\040\000B\000Y}{section.3}% 93
\BOOKMARK [2][-]{subsection.3.11}{\376\377\000C\000o\000n\000t\000o\000h\000\040\000P\000e\000n\000g\000g\000u\000n\000a\000a\000n\000\040\000O\000R\000D\000E\000R\000\040\000B\000Y}{section.3}% 94
\BOOKMARK [2][-]{subsection.3.12}{\376\377\000C\000a\000t\000a\000t\000a\000n\000\040\000P\000e\000n\000t\000i\000n\000g\000\040\000O\000R\000D\000E\000R\000\040\000B\000Y}{section.3}% 95
\BOOKMARK [2][-]{subsection.3.13}{\376\377\000P\000e\000n\000g\000e\000r\000t\000i\000a\000n\000\040\000W\000H\000E\000R\000E\000\040\000C\000l\000a\000u\000s\000e}{section.3}% 96
\BOOKMARK [2][-]{subsection.3.14}{\376\377\000S\000i\000n\000t\000a\000k\000s\000\040\000D\000a\000s\000a\000r\000\040\000W\000H\000E\000R\000E\000\040\000C\000l\000a\000u\000s\000e}{section.3}% 97
\BOOKMARK [2][-]{subsection.3.15}{\376\377\000O\000p\000e\000r\000a\000t\000o\000r\000\040\000d\000a\000l\000a\000m\000\040\000W\000H\000E\000R\000E\000\040\000C\000l\000a\000u\000s\000e}{section.3}% 98
\BOOKMARK [2][-]{subsection.3.16}{\376\377\000C\000o\000n\000t\000o\000h\000\040\000P\000e\000n\000g\000g\000u\000n\000a\000a\000n\000\040\000W\000H\000E\000R\000E\000\040\000C\000l\000a\000u\000s\000e\000\040\000P\000r\000a\000k\000t\000i\000s}{section.3}% 99
\BOOKMARK [2][-]{subsection.3.17}{\376\377\000C\000a\000t\000a\000t\000a\000n\000\040\000P\000e\000n\000t\000i\000n\000g\000\040\000W\000H\000E\000R\000E\000\040\000C\000l\000a\000u\000s\000e}{section.3}% 100
\BOOKMARK [2][-]{subsection.3.18}{\376\377\000P\000e\000n\000g\000e\000r\000t\000i\000a\000n\000\040\000S\000E\000L\000E\000C\000T\000\040\000D\000I\000S\000T\000I\000N\000C\000T}{section.3}% 101
\BOOKMARK [2][-]{subsection.3.19}{\376\377\000P\000e\000n\000g\000g\000u\000n\000a\000a\000n\000\040\000S\000E\000L\000E\000C\000T\000\040\000D\000I\000S\000T\000I\000N\000C\000T\000\040\000d\000a\000l\000a\000m\000\040\000K\000u\000e\000r\000i}{section.3}% 102
\BOOKMARK [2][-]{subsection.3.20}{\376\377\000M\000e\000n\000g\000g\000u\000n\000a\000k\000a\000n\000\040\000D\000I\000S\000T\000I\000N\000C\000T\000\040\000d\000e\000n\000g\000a\000n\000\040\000F\000u\000n\000g\000s\000i\000\040\000A\000g\000r\000e\000g\000a\000t\000\040\000S\000Q\000L}{section.3}% 103
\BOOKMARK [2][-]{subsection.3.21}{\376\377\000P\000o\000i\000n\000\040\000P\000e\000n\000t\000i\000n\000g\000\040\000t\000e\000n\000t\000a\000n\000g\000\040\000S\000E\000L\000E\000C\000T\000\040\000D\000I\000S\000T\000I\000N\000C\000T}{section.3}% 104
\BOOKMARK [1][-]{section.4}{\376\377\000D\000a\000t\000a\000b\000a\000s\000e\000\040\000D\000e\000s\000i\000g\000n}{}% 105
\BOOKMARK [2][-]{subsection.4.1}{\376\377\000D\000e\000f\000i\000n\000i\000s\000i\000\040\000S\000k\000e\000m\000a\000\040\000B\000a\000s\000i\000s\000\040\000D\000a\000t\000a}{section.4}% 106
\BOOKMARK [2][-]{subsection.4.2}{\376\377\000P\000e\000r\000b\000e\000d\000a\000a\000n\000\040\000D\000e\000f\000i\000n\000i\000s\000i\000\040\000S\000k\000e\000m\000a\000\040\000d\000i\000\040\000B\000e\000r\000b\000a\000g\000a\000i\000\040\000S\000i\000s\000t\000e\000m\000\040\000B\000a\000s\000i\000s\000\040\000D\000a\000t\000a}{section.4}% 107
\BOOKMARK [2][-]{subsection.4.3}{\376\377\000T\000i\000g\000a\000\040\000J\000e\000n\000i\000s\000\040\000S\000k\000e\000m\000a\000\040\000B\000a\000s\000i\000s\000\040\000D\000a\000t\000a}{section.4}% 108
\BOOKMARK [2][-]{subsection.4.4}{\376\377\000K\000e\000u\000n\000t\000u\000n\000g\000a\000n\000\040\000S\000k\000e\000m\000a\000\040\000B\000a\000s\000i\000s\000\040\000D\000a\000t\000a}{section.4}% 109
\BOOKMARK [2][-]{subsection.4.5}{\376\377\000K\000u\000n\000c\000i\000\040\000U\000t\000a\000m\000a\000\040\000d\000a\000n\000\040\000K\000u\000n\000c\000i\000\040\000A\000s\000i\000n\000g}{section.4}% 110
\BOOKMARK [2][-]{subsection.4.6}{\376\377\000M\000e\000m\000b\000a\000n\000g\000u\000n\000\040\000S\000k\000e\000m\000a\000\040\000B\000a\000s\000i\000s\000\040\000D\000a\000t\000a}{section.4}% 111
\BOOKMARK [2][-]{subsection.4.7}{\376\377\000J\000e\000n\000i\000s\000\040\000H\000u\000b\000u\000n\000g\000a\000n\000/\000R\000e\000l\000a\000s\000i\000\040\000A\000n\000t\000a\000r\000a\000\040\000T\000a\000b\000e\000l}{section.4}% 112
\BOOKMARK [2][-]{subsection.4.8}{\376\377\000D\000i\000a\000g\000r\000a\000m\000\040\000H\000u\000b\000u\000n\000g\000a\000n\000\040\000E\000n\000t\000i\000t\000a\000s\000\040\000\050\000E\000R\000-\000D\000i\000a\000g\000r\000a\000m\000\051}{section.4}% 113
\BOOKMARK [2][-]{subsection.4.9}{\376\377\000K\000o\000n\000s\000e\000p\000\040\000D\000a\000s\000a\000r\000\040\000M\000o\000d\000e\000l\000\040\000R\000e\000l\000a\000s\000i\000o\000n\000a\000l}{section.4}% 114
\BOOKMARK [2][-]{subsection.4.10}{\376\377\000E\000l\000e\000m\000e\000n\000\040\000U\000t\000a\000m\000a\000\040\000d\000a\000l\000a\000m\000\040\000M\000o\000d\000e\000l\000\040\000R\000e\000l\000a\000s\000i\000o\000n\000a\000l}{section.4}% 115
\BOOKMARK [2][-]{subsection.4.11}{\376\377\000K\000e\000t\000e\000r\000b\000a\000t\000a\000s\000a\000n\000\040\000\050\000C\000o\000n\000s\000t\000r\000a\000i\000n\000t\000\051}{section.4}% 116
\BOOKMARK [2][-]{subsection.4.12}{\376\377\000T\000i\000p\000e\000\040\000H\000u\000b\000u\000n\000g\000a\000n\000\040\000d\000a\000l\000a\000m\000\040\000M\000o\000d\000e\000l\000\040\000R\000e\000l\000a\000s\000i\000o\000n\000a\000l}{section.4}% 117
\BOOKMARK [2][-]{subsection.4.13}{\376\377\000D\000e\000f\000i\000n\000i\000s\000i\000\040\000L\000a\000i\000n}{section.4}% 118
\BOOKMARK [2][-]{subsection.4.14}{\376\377\000K\000u\000n\000c\000i\000\040\000P\000r\000i\000m\000e\000r\000\040\000\050\000P\000r\000i\000m\000a\000r\000y\000\040\000K\000e\000y\000\051}{section.4}% 119
\BOOKMARK [2][-]{subsection.4.15}{\376\377\000K\000u\000n\000c\000i\000\040\000K\000o\000m\000p\000o\000s\000i\000t\000\040\000\050\000C\000o\000m\000p\000o\000s\000i\000t\000e\000\040\000P\000r\000i\000m\000a\000r\000y\000\040\000K\000e\000y\000\051}{section.4}% 120
\BOOKMARK [2][-]{subsection.4.16}{\376\377\000K\000o\000n\000s\000e\000p\000\040\000F\000o\000r\000e\000i\000g\000n\000\040\000K\000e\000y}{section.4}% 121
\BOOKMARK [2][-]{subsection.4.17}{\376\377\000C\000o\000n\000t\000o\000h\000\040\000S\000i\000n\000t\000a\000k\000s\000\040\000F\000O\000R\000E\000I\000G\000N\000\040\000K\000E\000Y}{section.4}% 122
\BOOKMARK [2][-]{subsection.4.18}{\376\377\000H\000u\000b\000u\000n\000g\000a\000n\000\040\000T\000a\000b\000e\000l}{section.4}% 123
\BOOKMARK [2][-]{subsection.4.19}{\376\377\000T\000a\000b\000e\000l\000\040\000S\000e\000b\000a\000g\000a\000i\000\040\000P\000a\000r\000e\000n\000t\000\040\000d\000a\000n\000\040\000C\000h\000i\000l\000d}{section.4}% 124
\BOOKMARK [2][-]{subsection.4.20}{\376\377\000K\000o\000n\000s\000e\000p\000\040\000K\000u\000n\000c\000i\000\040\000d\000a\000l\000a\000m\000\040\000B\000a\000s\000i\000s\000\040\000D\000a\000t\000a}{section.4}% 125
\BOOKMARK [2][-]{subsection.4.21}{\376\377\000I\000d\000e\000n\000t\000i\000f\000i\000k\000a\000s\000i\000\040\000K\000u\000n\000c\000i\000\040\000K\000a\000n\000d\000i\000d\000a\000t}{section.4}% 126
\BOOKMARK [2][-]{subsection.4.22}{\376\377\000P\000e\000m\000i\000l\000i\000h\000a\000n\000\040\000K\000u\000n\000c\000i\000\040\000U\000t\000a\000m\000a\000\040\000y\000a\000n\000g\000\040\000T\000e\000p\000a\000t}{section.4}% 127
\BOOKMARK [2][-]{subsection.4.23}{\376\377\000P\000e\000m\000b\000u\000a\000t\000a\000n\000\040\000T\000a\000b\000e\000l\000\040\000d\000a\000l\000a\000m\000\040\000S\000Q\000L}{section.4}% 128
\BOOKMARK [2][-]{subsection.4.24}{\376\377\000M\000e\000n\000g\000u\000b\000a\000h\000\040\000S\000t\000r\000u\000k\000t\000u\000r\000\040\000T\000a\000b\000e\000l}{section.4}% 129
\BOOKMARK [2][-]{subsection.4.25}{\376\377\000K\000e\000y\000w\000o\000r\000d\000\040\000C\000O\000N\000S\000T\000R\000A\000I\000N\000T\000\040\000s\000e\000b\000e\000l\000u\000m\000\040\000d\000e\000k\000l\000a\000r\000a\000s\000i\000\040\000A\000T\000U\000R\000A\000N}{section.4}% 130
\BOOKMARK [2][-]{subsection.4.26}{\376\377\000E\000n\000t\000i\000t\000a\000s\000\040\000d\000a\000l\000a\000m\000\040\000B\000a\000s\000i\000s\000\040\000D\000a\000t\000a}{section.4}% 131
\BOOKMARK [2][-]{subsection.4.27}{\376\377\000J\000e\000n\000i\000s\000\040\000A\000t\000r\000i\000b\000u\000t\000\040\000d\000a\000l\000a\000m\000\040\000B\000a\000s\000i\000s\000\040\000D\000a\000t\000a}{section.4}% 132
\BOOKMARK [2][-]{subsection.4.28}{\376\377\000P\000e\000n\000t\000i\000n\000g\000n\000y\000a\000\040\000M\000e\000m\000i\000l\000i\000h\000\040\000E\000n\000t\000i\000t\000a\000s\000\040\000d\000a\000n\000\040\000A\000t\000r\000i\000b\000u\000t}{section.4}% 133
\BOOKMARK [2][-]{subsection.4.29}{\376\377\000E\000n\000t\000i\000t\000y\000\040\000R\000e\000l\000a\000t\000i\000o\000n\000s\000h\000i\000p\000\040\000D\000i\000a\000g\000r\000a\000m\000\040\000\050\000E\000R\000-\000D\000\051}{section.4}% 134
\BOOKMARK [2][-]{subsection.4.30}{\376\377\000S\000i\000m\000b\000o\000l\000\040\000d\000a\000n\000\040\000N\000o\000t\000a\000s\000i\000\040\000d\000a\000l\000a\000m\000\040\000E\000R\000-\000D}{section.4}% 135
\BOOKMARK [2][-]{subsection.4.31}{\376\377\000P\000e\000n\000g\000e\000r\000t\000i\000a\000n\000\040\000N\000o\000r\000m\000a\000l\000i\000s\000a\000s\000i\000\040\000\050\000N\000o\000r\000m\000a\000l\000i\000z\000a\000t\000i\000o\000n\000\051}{section.4}% 136
\BOOKMARK [2][-]{subsection.4.32}{\376\377\000A\000n\000o\000m\000a\000l\000i\000\040\000d\000a\000l\000a\000m\000\040\000B\000a\000s\000i\000s\000\040\000D\000a\000t\000a}{section.4}% 137
\BOOKMARK [2][-]{subsection.4.33}{\376\377\000S\000o\000l\000u\000s\000i\000\040\000M\000e\000n\000g\000a\000t\000a\000s\000i\000\040\000A\000n\000o\000m\000a\000l\000i\000\040\000M\000e\000l\000a\000l\000u\000i\000\040\000N\000o\000r\000m\000a\000l\000i\000s\000a\000s\000i}{section.4}% 138
\BOOKMARK [2][-]{subsection.4.34}{\376\377\000T\000i\000g\000a\000\040\000B\000e\000n\000t\000u\000k\000\040\000N\000o\000r\000m\000a\000l\000\040\000F\000o\000r\000m}{section.4}% 139
\BOOKMARK [3][-]{subsubsection.4.34.1}{\376\377\000B\000e\000n\000t\000u\000k\000\040\000N\000o\000r\000m\000a\000l\000\040\000P\000e\000r\000t\000a\000m\000a\000\040\000\050\0001\000N\000F\000\051}{subsection.4.34}% 140
\BOOKMARK [3][-]{subsubsection.4.34.2}{\376\377\000B\000e\000n\000t\000u\000k\000\040\000N\000o\000r\000m\000a\000l\000\040\000K\000e\000d\000u\000a\000\040\000\050\0002\000N\000F\000\051}{subsection.4.34}% 141
\BOOKMARK [3][-]{subsubsection.4.34.3}{\376\377\000B\000e\000n\000t\000u\000k\000\040\000N\000o\000r\000m\000a\000l\000\040\000K\000e\000t\000i\000g\000a\000\040\000\050\0003\000N\000F\000\051}{subsection.4.34}% 142
\BOOKMARK [2][-]{subsection.4.35}{\376\377\000I\000l\000u\000s\000t\000r\000a\000s\000i\000\040\000P\000r\000o\000s\000e\000s\000\040\000N\000o\000r\000m\000a\000l\000i\000s\000a\000s\000i}{section.4}% 143
