\BOOKMARK [1][-]{section.1}{\376\377\000F\000u\000n\000c\000t\000i\000o\000n\000s\000\040\000a\000n\000d\000\040\000T\000r\000i\000g\000g\000e\000r\000s}{}% 1
\BOOKMARK [2][-]{subsection.1.1}{\376\377\000P\000e\000n\000g\000a\000n\000t\000a\000r\000\040\000F\000u\000n\000c\000t\000i\000o\000n\000s\000\040\000d\000a\000n\000\040\000S\000t\000o\000r\000e\000d\000\040\000P\000r\000o\000c\000e\000d\000u\000r\000e\000s}{section.1}% 2
\BOOKMARK [3][-]{subsubsection.1.1.1}{\376\377\000P\000e\000r\000b\000e\000d\000a\000a\000n\000\040\000K\000u\000n\000c\000i\000:\000\040\000F\000u\000n\000c\000t\000i\000o\000n\000s\000\040\000v\000s\000.\000\040\000S\000t\000o\000r\000e\000d\000\040\000P\000r\000o\000c\000e\000d\000u\000r\000e\000s}{subsection.1.1}% 3
\BOOKMARK [2][-]{subsection.1.2}{\376\377\000V\000a\000r\000i\000a\000b\000e\000l\000\040\000d\000a\000n\000\040\000P\000a\000r\000a\000m\000e\000t\000e\000r\000\040\000d\000a\000l\000a\000m\000\040\000M\000y\000S\000Q\000L}{section.1}% 4
\BOOKMARK [3][-]{subsubsection.1.2.1}{\376\377\000V\000a\000r\000i\000a\000b\000e\000l\000\040\000M\000y\000S\000Q\000L}{subsection.1.2}% 5
\BOOKMARK [3][-]{subsubsection.1.2.2}{\376\377\000M\000o\000d\000e\000\040\000P\000a\000r\000a\000m\000e\000t\000e\000r\000\040\000d\000a\000l\000a\000m\000\040\000S\000t\000o\000r\000e\000d\000\040\000P\000r\000o\000c\000e\000d\000u\000r\000e}{subsection.1.2}% 6
\BOOKMARK [2][-]{subsection.1.3}{\376\377\000U\000s\000e\000r\000-\000D\000e\000f\000i\000n\000e\000d\000\040\000F\000u\000n\000c\000t\000i\000o\000n\000s\000\040\000\050\000U\000D\000F\000\051}{section.1}% 7
\BOOKMARK [3][-]{subsubsection.1.3.1}{\376\377\000P\000e\000m\000b\000u\000a\000t\000a\000n\000\040\000F\000u\000n\000g\000s\000i\000\040\000d\000a\000n\000\040\000D\000E\000T\000E\000R\000M\000I\000N\000I\000S\000T\000I\000C}{subsection.1.3}% 8
\BOOKMARK [2][-]{subsection.1.4}{\376\377\000D\000e\000l\000i\000m\000i\000t\000e\000r}{section.1}% 9
\BOOKMARK [3][-]{subsubsection.1.4.1}{\376\377\000P\000e\000n\000g\000e\000r\000t\000i\000a\000n\000\040\000d\000a\000n\000\040\000F\000u\000n\000g\000s\000i\000\040\000D\000e\000l\000i\000m\000i\000t\000e\000r}{subsection.1.4}% 10
\BOOKMARK [2][-]{subsection.1.5}{\376\377\000M\000y\000S\000Q\000L\000\040\000T\000r\000i\000g\000g\000e\000r}{section.1}% 11
\BOOKMARK [3][-]{subsubsection.1.5.1}{\376\377\000D\000e\000f\000i\000n\000i\000s\000i\000\040\000d\000a\000n\000\040\000K\000l\000a\000s\000i\000f\000i\000k\000a\000s\000i\000\040\000T\000r\000i\000g\000g\000e\000r}{subsection.1.5}% 12
\BOOKMARK [3][-]{subsubsection.1.5.2}{\376\377\000S\000i\000n\000t\000a\000k\000s\000\040\000d\000a\000n\000\040\000M\000o\000d\000i\000f\000i\000e\000r\000\040\000O\000L\000D\000/\000N\000E\000W}{subsection.1.5}% 13
\BOOKMARK [2][-]{subsection.1.6}{\376\377\000M\000y\000S\000Q\000L\000\040\000S\000c\000h\000e\000d\000u\000l\000e\000d\000\040\000E\000v\000e\000n\000t\000s}{section.1}% 14
\BOOKMARK [3][-]{subsubsection.1.6.1}{\376\377\000D\000e\000f\000i\000n\000i\000s\000i\000\040\000d\000a\000n\000\040\000T\000i\000p\000e\000\040\000E\000v\000e\000n\000t\000s}{subsection.1.6}% 15
\BOOKMARK [3][-]{subsubsection.1.6.2}{\376\377\000S\000i\000n\000t\000a\000k\000s\000\040\000S\000c\000h\000e\000d\000u\000l\000e\000d\000\040\000E\000v\000e\000n\000t}{subsection.1.6}% 16
\BOOKMARK [2][-]{subsection.1.7}{\376\377\000K\000e\000u\000n\000t\000u\000n\000g\000a\000n\000\040\000d\000a\000n\000\040\000K\000e\000r\000u\000g\000i\000a\000n\000\040\000d\000a\000r\000i\000\040\000T\000r\000i\000g\000g\000e\000r\000s}{section.1}% 17
\BOOKMARK [3][-]{subsubsection.1.7.1}{\376\377\000K\000e\000u\000n\000t\000u\000n\000g\000a\000n\000\040\000\050\000A\000d\000v\000a\000n\000t\000a\000g\000e\000s\000\051}{subsection.1.7}% 18
\BOOKMARK [3][-]{subsubsection.1.7.2}{\376\377\000K\000e\000r\000u\000g\000i\000a\000n\000\040\000\050\000D\000i\000s\000a\000d\000v\000a\000n\000t\000a\000g\000e\000s\000\051}{subsection.1.7}% 19
\BOOKMARK [1][-]{section.2}{\376\377\000D\000a\000t\000a\000b\000a\000s\000e\000\040\000O\000p\000t\000i\000m\000i\000z\000a\000t\000i\000o\000n}{}% 20
\BOOKMARK [2][-]{subsection.2.1}{\376\377\000K\000o\000n\000s\000e\000p\000\040\000D\000a\000t\000a\000b\000a\000s\000e\000\040\000O\000p\000t\000i\000m\000i\000z\000a\000t\000i\000o\000n}{section.2}% 21
\BOOKMARK [3][-]{subsubsection.2.1.1}{\376\377\000J\000e\000n\000i\000s\000\040\000P\000e\000r\000n\000y\000a\000t\000a\000a\000n\000\040\000S\000Q\000L}{subsection.2.1}% 22
\BOOKMARK [2][-]{subsection.2.2}{\376\377\000T\000e\000k\000n\000i\000k\000\040\000O\000p\000t\000i\000m\000a\000s\000i\000\040\000K\000u\000e\000r\000i\000\040\000S\000Q\000L}{section.2}% 23
\BOOKMARK [3][-]{subsubsection.2.2.1}{\376\377\000O\000p\000t\000i\000m\000a\000s\000i\000\040\000S\000E\000L\000E\000C\000T\000\040\000S\000t\000a\000t\000e\000m\000e\000n\000t\000s\000\040\000\050\000D\000a\000t\000a\000\040\000R\000e\000t\000r\000i\000e\000v\000a\000l\000\051}{subsection.2.2}% 24
\BOOKMARK [3][-]{subsubsection.2.2.2}{\376\377\000O\000p\000t\000i\000m\000a\000s\000i\000\040\000D\000a\000t\000a\000\040\000C\000h\000a\000n\000g\000e\000\040\000S\000t\000a\000t\000e\000m\000e\000n\000t\000s}{subsection.2.2}% 25
\BOOKMARK [2][-]{subsection.2.3}{\376\377\000I\000n\000d\000e\000x\000\040\000\050\000I\000n\000d\000e\000k\000s\000\051}{section.2}% 26
\BOOKMARK [3][-]{subsubsection.2.3.1}{\376\377\000K\000o\000n\000s\000e\000p\000\040\000D\000a\000s\000a\000r\000\040\000I\000n\000d\000e\000x}{subsection.2.3}% 27
\BOOKMARK [3][-]{subsubsection.2.3.2}{\376\377\000J\000e\000n\000i\000s\000-\000J\000e\000n\000i\000s\000\040\000I\000n\000d\000e\000x}{subsection.2.3}% 28
\BOOKMARK [3][-]{subsubsection.2.3.3}{\376\377\000O\000p\000e\000r\000a\000s\000i\000\040\000Q\000u\000e\000r\000y\000\040\000y\000a\000n\000g\000\040\000M\000e\000n\000g\000g\000u\000n\000a\000k\000a\000n\000\040\000I\000n\000d\000e\000x}{subsection.2.3}% 29
\BOOKMARK [3][-]{subsubsection.2.3.4}{\376\377\000S\000i\000n\000t\000a\000k\000s\000\040\000P\000e\000m\000b\000u\000a\000t\000a\000n\000\040\000I\000n\000d\000e\000x}{subsection.2.3}% 30
\BOOKMARK [2][-]{subsection.2.4}{\376\377\000M\000e\000n\000g\000a\000n\000a\000l\000i\000s\000i\000s\000\040\000K\000u\000e\000r\000i\000\040\000d\000e\000n\000g\000a\000n\000\040\000E\000X\000P\000L\000A\000I\000N}{section.2}% 31
\BOOKMARK [3][-]{subsubsection.2.4.1}{\376\377\000K\000o\000n\000s\000e\000p\000\040\000E\000X\000P\000L\000A\000I\000N}{subsection.2.4}% 32
\BOOKMARK [3][-]{subsubsection.2.4.2}{\376\377\000K\000o\000l\000o\000m\000\040\000P\000e\000n\000t\000i\000n\000g\000\040\000d\000a\000l\000a\000m\000\040\000H\000a\000s\000i\000l\000\040\000E\000X\000P\000L\000A\000I\000N}{subsection.2.4}% 33
\BOOKMARK [3][-]{subsubsection.2.4.3}{\376\377\000N\000i\000l\000a\000i\000\040\000t\000y\000p\000e\000\040\000d\000a\000n\000\040\000E\000f\000i\000s\000i\000e\000n\000s\000i\000\040\000A\000k\000s\000e\000s\000\040\000D\000a\000t\000a}{subsection.2.4}% 34
