\BOOKMARK [1][-]{section.1}{\376\377\000I\000n\000t\000r\000o\000\040\000t\000o\000\040\000M\000y\000S\000Q\000L}{}% 1
\BOOKMARK [2][-]{subsection.1.1}{\376\377\000P\000e\000n\000g\000a\000n\000t\000a\000r\000\040\000W\000H\000E\000R\000E\000\040\000C\000l\000a\000u\000s\000e}{section.1}% 2
\BOOKMARK [2][-]{subsection.1.2}{\376\377\000K\000o\000l\000a\000s\000i\000\040\000\050\000C\000o\000l\000l\000a\000t\000i\000o\000n\000\051}{section.1}% 3
\BOOKMARK [2][-]{subsection.1.3}{\376\377\000O\000p\000e\000r\000a\000t\000o\000r\000\040\000L\000o\000g\000i\000k\000a\000\040\000\050\000L\000o\000g\000i\000c\000a\000l\000\040\000O\000p\000e\000r\000a\000t\000o\000r\000s\000\051}{section.1}% 4
\BOOKMARK [3][-]{subsubsection.1.3.1}{\376\377\000A\000N\000D\000\040\000O\000p\000e\000r\000a\000t\000o\000r}{subsection.1.3}% 5
\BOOKMARK [3][-]{subsubsection.1.3.2}{\376\377\000O\000R\000\040\000O\000p\000e\000r\000a\000t\000o\000r}{subsection.1.3}% 6
\BOOKMARK [3][-]{subsubsection.1.3.3}{\376\377\000N\000O\000T\000\040\000O\000p\000e\000r\000a\000t\000o\000r}{subsection.1.3}% 7
\BOOKMARK [2][-]{subsection.1.4}{\376\377\000O\000p\000e\000r\000a\000t\000o\000r\000\040\000K\000h\000u\000s\000u\000s\000\040\000d\000a\000l\000a\000m\000\040\000W\000H\000E\000R\000E\000\040\000C\000l\000a\000u\000s\000e}{section.1}% 8
\BOOKMARK [3][-]{subsubsection.1.4.1}{\376\377\000O\000p\000e\000r\000a\000t\000o\000r\000\040\000I\000N}{subsection.1.4}% 9
\BOOKMARK [3][-]{subsubsection.1.4.2}{\376\377\000O\000p\000e\000r\000a\000t\000o\000r\000\040\000B\000E\000T\000W\000E\000E\000N}{subsection.1.4}% 10
\BOOKMARK [3][-]{subsubsection.1.4.3}{\376\377\000O\000p\000e\000r\000a\000t\000o\000r\000\040\000L\000I\000K\000E}{subsection.1.4}% 11
\BOOKMARK [2][-]{subsection.1.5}{\376\377\000A\000l\000i\000a\000s\000\040\000d\000a\000l\000a\000m\000\040\000S\000Q\000L}{section.1}% 12
\BOOKMARK [3][-]{subsubsection.1.5.1}{\376\377\000S\000i\000n\000t\000a\000k\000s\000\040\000P\000e\000n\000g\000g\000u\000n\000a\000a\000n\000\040\000A\000l\000i\000a\000s}{subsection.1.5}% 13
\BOOKMARK [2][-]{subsection.1.6}{\376\377\000J\000O\000I\000N\000\040\000d\000a\000l\000a\000m\000\040\000M\000y\000S\000Q\000L}{section.1}% 14
\BOOKMARK [2][-]{subsection.1.7}{\376\377\000O\000p\000e\000r\000a\000t\000o\000r\000\040\000U\000N\000I\000O\000N}{section.1}% 15
\BOOKMARK [3][-]{subsubsection.1.7.1}{\376\377\000S\000i\000n\000t\000a\000k\000s\000\040\000d\000a\000n\000\040\000P\000r\000a\000k\000t\000i\000k\000\040\000T\000e\000r\000b\000a\000i\000k}{subsection.1.7}% 16
\BOOKMARK [2][-]{subsection.1.8}{\376\377\000G\000R\000O\000U\000P\000\040\000B\000Y\000\040\000d\000a\000n\000\040\000F\000u\000n\000g\000s\000i\000\040\000A\000g\000r\000e\000g\000a\000t}{section.1}% 17
\BOOKMARK [3][-]{subsubsection.1.8.1}{\376\377\000G\000R\000O\000U\000P\000\040\000B\000Y\000\040\000C\000l\000a\000u\000s\000e}{subsection.1.8}% 18
\BOOKMARK [3][-]{subsubsection.1.8.2}{\376\377\000F\000u\000n\000g\000s\000i\000\040\000A\000g\000r\000e\000g\000a\000t\000\040\000\050\000A\000g\000g\000r\000e\000g\000a\000t\000e\000\040\000F\000u\000n\000c\000t\000i\000o\000n\000s\000\051}{subsection.1.8}% 19
\BOOKMARK [2][-]{subsection.1.9}{\376\377\000H\000A\000V\000I\000N\000G\000\040\000C\000l\000a\000u\000s\000e}{section.1}% 20
\BOOKMARK [1][-]{section.2}{\376\377\000U\000p\000d\000a\000t\000i\000n\000g\000\040\000D\000a\000t\000a\000b\000a\000s\000e\000s\000\040\000a\000n\000d\000\040\000W\000o\000r\000k\000i\000n\000g\000\040\000w\000i\000t\000h\000\040\000V\000i\000e\000w\000s}{}% 21
\BOOKMARK [2][-]{subsection.2.1}{\376\377\000P\000e\000n\000g\000a\000n\000t\000a\000r\000\040\000R\000E\000P\000L\000A\000C\000E\000\040\000C\000o\000m\000m\000a\000n\000d}{section.2}% 22
\BOOKMARK [3][-]{subsubsection.2.1.1}{\376\377\000S\000i\000n\000t\000a\000k\000s\000\040\000R\000E\000P\000L\000A\000C\000E\000\040\000C\000o\000m\000m\000a\000n\000d}{subsection.2.1}% 23
\BOOKMARK [2][-]{subsection.2.2}{\376\377\000C\000o\000n\000s\000t\000r\000a\000i\000n\000t\000s\000\040\000\050\000B\000a\000t\000a\000s\000a\000n\000\051}{section.2}% 24
\BOOKMARK [3][-]{subsubsection.2.2.1}{\376\377\000T\000i\000p\000e\000-\000T\000i\000p\000e\000\040\000C\000o\000n\000s\000t\000r\000a\000i\000n\000t\000s}{subsection.2.2}% 25
\BOOKMARK [3][-]{subsubsection.2.2.2}{\376\377\000O\000p\000s\000i\000\040\000C\000a\000s\000c\000a\000d\000e}{subsection.2.2}% 26
\BOOKMARK [2][-]{subsection.2.3}{\376\377\000A\000L\000T\000E\000R\000\040\000S\000t\000a\000t\000e\000m\000e\000n\000t}{section.2}% 27
\BOOKMARK [3][-]{subsubsection.2.3.1}{\376\377\000P\000e\000r\000i\000n\000t\000a\000h\000\040\000U\000m\000u\000m\000\040\000d\000a\000l\000a\000m\000\040\000A\000L\000T\000E\000R\000\040\000T\000A\000B\000L\000E}{subsection.2.3}% 28
\BOOKMARK [2][-]{subsection.2.4}{\376\377\000M\000e\000n\000y\000a\000l\000i\000n\000\040\000T\000a\000b\000e\000l}{section.2}% 29
\BOOKMARK [2][-]{subsection.2.5}{\376\377\000S\000u\000b\000q\000u\000e\000r\000y}{section.2}% 30
\BOOKMARK [3][-]{subsubsection.2.5.1}{\376\377\000T\000i\000p\000e\000-\000T\000i\000p\000e\000\040\000S\000u\000b\000q\000u\000e\000r\000y\000\040\000B\000e\000r\000d\000a\000s\000a\000r\000k\000a\000n\000\040\000L\000o\000k\000a\000s\000i}{subsection.2.5}% 31
\BOOKMARK [3][-]{subsubsection.2.5.2}{\376\377\000O\000p\000e\000r\000a\000t\000o\000r\000\040\000E\000X\000I\000S\000T\000S\000\040\000d\000a\000n\000\040\000N\000O\000T\000\040\000E\000X\000I\000S\000T\000S}{subsection.2.5}% 32
\BOOKMARK [2][-]{subsection.2.6}{\376\377\000V\000i\000e\000w\000s\000\040\000\050\000T\000a\000m\000p\000i\000l\000a\000n\000\051}{section.2}% 33
\BOOKMARK [3][-]{subsubsection.2.6.1}{\376\377\000S\000i\000n\000t\000a\000k\000s\000\040\000u\000n\000t\000u\000k\000\040\000M\000e\000n\000g\000e\000l\000o\000l\000a\000\040\000V\000i\000e\000w\000s}{subsection.2.6}% 34
\BOOKMARK [1][-]{section.3}{\376\377\000F\000u\000n\000c\000t\000i\000o\000n\000s\000\040\000a\000n\000d\000\040\000M\000y\000S\000Q\000L\000\040\000S\000t\000o\000r\000e\000d\000\040\000P\000r\000o\000c\000e\000d\000u\000r\000e\000s}{}% 35
\BOOKMARK [2][-]{subsection.3.1}{\376\377\000P\000e\000n\000g\000a\000n\000t\000a\000r\000\040\000F\000u\000n\000g\000s\000i\000\040\000M\000y\000S\000Q\000L}{section.3}% 36
\BOOKMARK [2][-]{subsection.3.2}{\376\377\000F\000u\000n\000g\000s\000i\000\040\000N\000u\000m\000e\000r\000i\000c}{section.3}% 37
\BOOKMARK [3][-]{subsubsection.3.2.1}{\376\377\000M\000a\000t\000h\000\040\000F\000u\000n\000c\000t\000i\000o\000n\000s}{subsection.3.2}% 38
\BOOKMARK [2][-]{subsection.3.3}{\376\377\000F\000u\000n\000g\000s\000i\000\040\000S\000t\000r\000i\000n\000g}{section.3}% 39
\BOOKMARK [2][-]{subsection.3.4}{\376\377\000F\000u\000n\000g\000s\000i\000\040\000D\000a\000t\000e}{section.3}% 40
\BOOKMARK [2][-]{subsection.3.5}{\376\377\000F\000u\000n\000g\000s\000i\000\040\000C\000o\000m\000p\000a\000r\000i\000s\000o\000n\000\040\000\050\000P\000e\000r\000b\000a\000n\000d\000i\000n\000g\000a\000n\000\051}{section.3}% 41
\BOOKMARK [2][-]{subsection.3.6}{\376\377\000C\000o\000n\000t\000r\000o\000l\000\040\000F\000l\000o\000w\000\040\000F\000u\000n\000c\000t\000i\000o\000n\000s}{section.3}% 42
\BOOKMARK [3][-]{subsubsection.3.6.1}{\376\377\000C\000A\000S\000E\000\040\000F\000u\000n\000c\000t\000i\000o\000n}{subsection.3.6}% 43
\BOOKMARK [3][-]{subsubsection.3.6.2}{\376\377\000N\000U\000L\000L\000I\000F\000\040\000d\000a\000n\000\040\000I\000F\000N\000U\000L\000L}{subsection.3.6}% 44
\BOOKMARK [2][-]{subsection.3.7}{\376\377\000S\000t\000o\000r\000e\000d\000\040\000P\000r\000o\000c\000e\000d\000u\000r\000e\000s}{section.3}% 45
\BOOKMARK [3][-]{subsubsection.3.7.1}{\376\377\000M\000o\000d\000e\000\040\000P\000a\000r\000a\000m\000e\000t\000e\000r}{subsection.3.7}% 46
\BOOKMARK [3][-]{subsubsection.3.7.2}{\376\377\000S\000i\000n\000t\000a\000k\000s\000\040\000d\000a\000n\000\040\000P\000e\000n\000g\000e\000l\000o\000l\000a\000a\000n}{subsection.3.7}% 47
