\BOOKMARK [1][-]{section.1}{\376\377\000B\000u\000s\000i\000n\000e\000s\000s\000\040\000M\000o\000d\000e\000l\000s\000\040\000a\000n\000d\000\040\000K\000e\000e\000p\000i\000n\000g\000\040\000C\000u\000s\000t\000o\000m\000e\000r\000s}{}% 1
\BOOKMARK [2][-]{subsection.1.1}{\376\377\000K\000E\000Y\000\040\000Q\000U\000E\000S\000T\000I\000O\000N\000S}{section.1}% 2
\BOOKMARK [2][-]{subsection.1.2}{\376\377\000B\000u\000s\000i\000n\000e\000s\000s\000\040\000M\000o\000d\000e\000l\000s\000\040\000s\000e\000b\000a\000g\000a\000i\000\040\000N\000a\000r\000a\000s\000i}{section.1}% 3
\BOOKMARK [2][-]{subsection.1.3}{\376\377\000B\000u\000s\000i\000n\000e\000s\000s\000\040\000M\000o\000d\000e\000l\000s\000\040\000s\000e\000b\000a\000g\000a\000i\000\040\000C\000h\000e\000c\000k\000l\000i\000s\000t}{section.1}% 4
\BOOKMARK [2][-]{subsection.1.4}{\376\377\000T\000i\000p\000e\000-\000t\000i\000p\000e\000\040\000B\000u\000s\000i\000n\000e\000s\000s\000\040\000M\000o\000d\000e\000l\000s}{section.1}% 5
\BOOKMARK [2][-]{subsection.1.5}{\376\377\000P\000e\000n\000g\000e\000r\000t\000i\000a\000n\000\040\000C\000u\000s\000t\000o\000m\000e\000r\000\040\000L\000i\000f\000e\000t\000i\000m\000e\000\040\000V\000a\000l\000u\000e\000\040\000\050\000C\000L\000V\000\051}{section.1}% 6
\BOOKMARK [2][-]{subsection.1.6}{\376\377\000M\000e\000n\000g\000u\000k\000u\000r\000\040\000C\000L\000V}{section.1}% 7
\BOOKMARK [2][-]{subsection.1.7}{\376\377\000F\000a\000k\000t\000o\000r\000\040\000y\000a\000n\000g\000\040\000M\000e\000m\000p\000e\000n\000g\000a\000r\000u\000h\000i\000\040\000C\000L\000V}{section.1}% 8
\BOOKMARK [2][-]{subsection.1.8}{\376\377\000C\000o\000n\000t\000o\000h\000\040\000P\000e\000r\000h\000i\000t\000u\000n\000g\000a\000n\000\040\000C\000L\000V}{section.1}% 9
\BOOKMARK [2][-]{subsection.1.9}{\376\377\000A\000p\000l\000i\000k\000a\000s\000i\000\040\000C\000L\000V\000\040\000d\000a\000l\000a\000m\000\040\000K\000e\000p\000u\000t\000u\000s\000a\000n\000\040\000B\000i\000s\000n\000i\000s}{section.1}% 10
\BOOKMARK [1][-]{section.2}{\376\377\000F\000i\000n\000a\000n\000c\000i\000n\000g\000,\000\040\000V\000a\000l\000u\000a\000t\000i\000o\000n\000,\000\040\000a\000n\000d\000\040\000T\000e\000r\000m\000s}{}% 11
\BOOKMARK [2][-]{subsection.2.1}{\376\377\000M\000e\000t\000o\000d\000e\000\040\000P\000e\000m\000b\000i\000a\000y\000a\000a\000n}{section.2}% 12
\BOOKMARK [2][-]{subsection.2.2}{\376\377\000S\000u\000m\000b\000e\000r\000\040\000P\000e\000m\000b\000i\000a\000y\000a\000a\000n\000\040\000U\000m\000u\000m}{section.2}% 13
\BOOKMARK [2][-]{subsection.2.3}{\376\377\000T\000a\000h\000a\000p\000a\000n\000\040\000P\000e\000m\000b\000i\000a\000y\000a\000a\000n}{section.2}% 14
\BOOKMARK [2][-]{subsection.2.4}{\376\377\000I\000n\000v\000e\000s\000t\000o\000r\000\040\000d\000a\000n\000\040\000P\000e\000n\000d\000e\000k\000a\000t\000a\000n\000\040\000P\000e\000m\000b\000i\000a\000y\000a\000a\000n}{section.2}% 15
\BOOKMARK [2][-]{subsection.2.5}{\376\377\000S\000u\000m\000b\000e\000r\000\040\000P\000e\000m\000b\000i\000a\000y\000a\000a\000n\000\040\000u\000n\000t\000u\000k\000\040\000S\000t\000a\000r\000t\000u\000p}{section.2}% 16
\BOOKMARK [2][-]{subsection.2.6}{\376\377\000R\000u\000n\000d\000o\000w\000n\000\040\000P\000e\000m\000b\000i\000a\000y\000a\000a\000n}{section.2}% 17
\BOOKMARK [2][-]{subsection.2.7}{\376\377\000S\000u\000m\000b\000e\000r\000\040\000P\000e\000m\000b\000i\000a\000y\000a\000a\000n\000\040\000U\000t\000a\000m\000a}{section.2}% 18
\BOOKMARK [2][-]{subsection.2.8}{\376\377\000P\000e\000n\000t\000i\000n\000g\000n\000y\000a\000\040\000V\000a\000l\000u\000a\000s\000i}{section.2}% 19
\BOOKMARK [2][-]{subsection.2.9}{\376\377\000P\000r\000e\000-\000M\000o\000n\000e\000y\000\040\000d\000a\000n\000\040\000P\000o\000s\000t\000-\000M\000o\000n\000e\000y\000\040\000V\000a\000l\000u\000a\000t\000i\000o\000n}{section.2}% 20
\BOOKMARK [2][-]{subsection.2.10}{\376\377\000M\000e\000t\000o\000d\000e\000\040\000P\000e\000n\000i\000l\000a\000i\000a\000n\000\040\000V\000a\000l\000u\000a\000s\000i}{section.2}% 21
\BOOKMARK [2][-]{subsection.2.11}{\376\377\000M\000e\000n\000u\000n\000d\000a\000\040\000P\000e\000n\000i\000l\000a\000i\000a\000n}{section.2}% 22
\BOOKMARK [2][-]{subsection.2.12}{\376\377\000E\000q\000u\000i\000t\000y\000\040\000F\000i\000n\000a\000n\000c\000i\000n\000g\000\040\000d\000a\000n\000\040\000T\000e\000r\000m\000\040\000S\000h\000e\000e\000t\000s}{section.2}% 23
\BOOKMARK [2][-]{subsection.2.13}{\376\377\000D\000i\000l\000u\000a\000t\000i\000o\000n\000\040\000d\000a\000n\000\040\000V\000a\000l\000u\000a\000s\000i}{section.2}% 24
\BOOKMARK [2][-]{subsection.2.14}{\376\377\000C\000o\000n\000t\000o\000h\000\040\000P\000r\000o\000s\000e\000s\000\040\000I\000n\000v\000e\000s\000t\000a\000s\000i}{section.2}% 25
\BOOKMARK [2][-]{subsection.2.15}{\376\377\000D\000a\000m\000p\000a\000k\000\040\000p\000a\000d\000a\000\040\000K\000e\000p\000e\000m\000i\000l\000i\000k\000a\000n}{section.2}% 26
\BOOKMARK [2][-]{subsection.2.16}{\376\377\000L\000i\000k\000u\000i\000d\000a\000s\000i\000\040\000d\000a\000n\000\040\000P\000r\000e\000f\000e\000r\000e\000n\000s\000i}{section.2}% 27
\BOOKMARK [1][-]{section.3}{\376\377\000P\000r\000i\000v\000a\000t\000e\000\040\000a\000n\000d\000\040\000P\000u\000b\000l\000i\000c\000\040\000F\000i\000n\000a\000n\000c\000i\000n\000g\000,\000\040\000a\000n\000d\000\040\000C\000a\000l\000c\000u\000l\000a\000t\000i\000n\000g\000\040\000B\000r\000e\000a\000k\000e\000v\000e\000n}{}% 28
\BOOKMARK [2][-]{subsection.3.1}{\376\377\000P\000e\000n\000d\000a\000n\000a\000a\000n\000\040\000u\000n\000t\000u\000k\000\040\000S\000t\000a\000r\000t\000u\000p}{section.3}% 29
\BOOKMARK [2][-]{subsection.3.2}{\376\377\000P\000r\000o\000s\000e\000s\000\040\000P\000e\000n\000d\000a\000n\000a\000a\000n\000\040\000d\000a\000n\000\040\000C\000o\000n\000t\000o\000h}{section.3}% 30
\BOOKMARK [2][-]{subsection.3.3}{\376\377\000M\000a\000s\000a\000l\000a\000h\000\040\000A\000s\000i\000m\000e\000t\000r\000i\000\040\000I\000n\000f\000o\000r\000m\000a\000s\000i}{section.3}% 31
\BOOKMARK [2][-]{subsection.3.4}{\376\377\000A\000k\000t\000i\000v\000i\000t\000a\000s\000\040\000V\000e\000n\000t\000u\000r\000e\000\040\000C\000a\000p\000i\000t\000a\000l\000i\000s\000t\000s}{section.3}% 32
\BOOKMARK [2][-]{subsection.3.5}{\376\377\000S\000t\000a\000t\000i\000s\000t\000i\000k\000\040\000d\000a\000n\000\040\000K\000i\000n\000e\000r\000j\000a}{section.3}% 33
\BOOKMARK [2][-]{subsection.3.6}{\376\377\000P\000e\000n\000e\000l\000i\000t\000i\000a\000n\000\040\000d\000a\000n\000\040\000H\000u\000b\000u\000n\000g\000a\000n\000\040\000d\000e\000n\000g\000a\000n\000\040\000K\000e\000s\000u\000k\000s\000e\000s\000a\000n\000\040\000S\000t\000a\000r\000t\000u\000p}{section.3}% 34
\BOOKMARK [2][-]{subsection.3.7}{\376\377\000K\000e\000s\000i\000m\000p\000u\000l\000a\000n\000\040\000t\000e\000r\000k\000a\000i\000t\000\040\000V\000e\000n\000t\000u\000r\000e\000\040\000C\000a\000p\000i\000t\000a\000l\000i\000s\000t}{section.3}% 35
\BOOKMARK [2][-]{subsection.3.8}{\376\377\000P\000e\000n\000g\000a\000n\000t\000a\000r\000\040\000C\000r\000o\000w\000d\000f\000u\000n\000d\000i\000n\000g}{section.3}% 36
\BOOKMARK [2][-]{subsection.3.9}{\376\377\000J\000e\000n\000i\000s\000-\000j\000e\000n\000i\000s\000\040\000C\000r\000o\000w\000d\000f\000u\000n\000d\000i\000n\000g\000\040\000y\000a\000n\000g\000\040\000d\000a\000p\000a\000t\000\040\000d\000i\000m\000a\000n\000f\000a\000a\000t\000k\000a\000n\000\040\000E\000n\000t\000r\000e\000p\000r\000e\000n\000e\000u\000r}{section.3}% 37
\BOOKMARK [2][-]{subsection.3.10}{\376\377\000M\000a\000n\000f\000a\000a\000t\000\040\000C\000r\000o\000w\000d\000f\000u\000n\000d\000i\000n\000g}{section.3}% 38
\BOOKMARK [2][-]{subsection.3.11}{\376\377\000K\000o\000m\000u\000n\000i\000t\000a\000s\000\040\000d\000a\000n\000\040\000C\000r\000o\000w\000d\000f\000u\000n\000d\000i\000n\000g}{section.3}% 39
\BOOKMARK [2][-]{subsection.3.12}{\376\377\000K\000u\000a\000l\000i\000t\000a\000s\000\040\000d\000a\000n\000\040\000K\000e\000b\000e\000r\000h\000a\000s\000i\000l\000a\000n}{section.3}% 40
\BOOKMARK [2][-]{subsection.3.13}{\376\377\000T\000i\000p\000s\000\040\000u\000n\000t\000u\000k\000\040\000C\000r\000o\000w\000d\000f\000u\000n\000d\000i\000n\000g}{section.3}% 41
\BOOKMARK [2][-]{subsection.3.14}{\376\377\000K\000e\000s\000i\000m\000p\000u\000l\000a\000n\000\040\000t\000e\000r\000k\000a\000i\000t\000\040\000C\000r\000o\000w\000d\000f\000u\000n\000d\000i\000n\000g}{section.3}% 42
\BOOKMARK [2][-]{subsection.3.15}{\376\377\000D\000e\000b\000t\000\040\000F\000i\000n\000a\000n\000c\000i\000n\000g}{section.3}% 43
\BOOKMARK [2][-]{subsection.3.16}{\376\377\000J\000e\000n\000i\000s\000-\000j\000e\000n\000i\000s\000\040\000D\000e\000b\000t\000\040\000F\000i\000n\000a\000n\000c\000i\000n\000g}{section.3}% 44
\BOOKMARK [2][-]{subsection.3.17}{\376\377\000C\000o\000l\000l\000a\000t\000e\000r\000a\000l}{section.3}% 45
\BOOKMARK [2][-]{subsection.3.18}{\376\377\000W\000o\000r\000k\000i\000n\000g\000\040\000C\000a\000p\000i\000t\000a\000l}{section.3}% 46
\BOOKMARK [2][-]{subsection.3.19}{\376\377\000G\000o\000v\000e\000r\000n\000m\000e\000n\000t\000\040\000L\000o\000a\000n\000s}{section.3}% 47
\BOOKMARK [2][-]{subsection.3.20}{\376\377\000B\000u\000r\000n\000\040\000R\000a\000t\000e}{section.3}% 48
\BOOKMARK [2][-]{subsection.3.21}{\376\377\000R\000u\000n\000w\000a\000y}{section.3}% 49
\BOOKMARK [2][-]{subsection.3.22}{\376\377\000F\000u\000m\000e\000\040\000D\000a\000t\000e}{section.3}% 50
\BOOKMARK [2][-]{subsection.3.23}{\376\377\000P\000e\000r\000e\000n\000c\000a\000n\000a\000a\000n\000\040\000A\000r\000u\000s\000\040\000K\000a\000s}{section.3}% 51
\BOOKMARK [2][-]{subsection.3.24}{\376\377\000B\000r\000e\000a\000k\000e\000v\000e\000n\000\040\000T\000i\000m\000e\000\040\000\050\000P\000a\000y\000b\000a\000c\000k\000\040\000T\000i\000m\000e\000\051}{section.3}% 52
\BOOKMARK [2][-]{subsection.3.25}{\376\377\000B\000r\000e\000a\000k\000e\000v\000e\000n\000\040\000Q\000u\000a\000n\000t\000i\000t\000y}{section.3}% 53
\BOOKMARK [2][-]{subsection.3.26}{\376\377\000M\000a\000s\000a\000l\000a\000h\000\040\000d\000a\000l\000a\000m\000\040\000A\000n\000a\000l\000i\000s\000i\000s\000\040\000B\000r\000e\000a\000k\000e\000v\000e\000n}{section.3}% 54
\BOOKMARK [1][-]{section.4}{\376\377\000E\000l\000e\000m\000e\000n\000t\000s\000\040\000o\000f\000\040\000t\000h\000e\000\040\000P\000i\000t\000c\000h\000\040\000a\000n\000d\000\040\000E\000x\000i\000t\000\040\000S\000t\000r\000a\000t\000e\000g\000i\000e\000s}{}% 55
\BOOKMARK [2][-]{subsection.4.1}{\376\377\000P\000i\000t\000c\000h\000\040\000D\000e\000c\000k\000\040\000d\000a\000n\000\040\000E\000x\000e\000c\000u\000t\000i\000v\000e\000\040\000S\000u\000m\000m\000a\000r\000y}{section.4}% 56
\BOOKMARK [2][-]{subsection.4.2}{\376\377\000S\000t\000r\000u\000k\000t\000u\000r\000\040\000P\000i\000t\000c\000h\000\040\000D\000e\000c\000k}{section.4}% 57
\BOOKMARK [2][-]{subsection.4.3}{\376\377\000T\000i\000p\000s\000\040\000u\000n\000t\000u\000k\000\040\000P\000i\000t\000c\000h\000i\000n\000g}{section.4}% 58
\BOOKMARK [2][-]{subsection.4.4}{\376\377\000P\000e\000n\000g\000e\000r\000t\000i\000a\000n\000\040\000P\000r\000o\000\040\000F\000o\000r\000m\000a\000\040\000F\000i\000n\000a\000n\000c\000i\000a\000l\000\040\000S\000t\000a\000t\000e\000m\000e\000n\000t}{section.4}% 59
\BOOKMARK [2][-]{subsection.4.5}{\376\377\000J\000e\000n\000i\000s\000\040\000L\000a\000p\000o\000r\000a\000n\000\040\000K\000e\000u\000a\000n\000g\000a\000n\000\040\000P\000r\000o\000\040\000F\000o\000r\000m\000a}{section.4}% 60
\BOOKMARK [2][-]{subsection.4.6}{\376\377\000A\000n\000a\000l\000i\000s\000i\000s\000\040\000P\000r\000o\000\040\000F\000o\000r\000m\000a}{section.4}% 61
\BOOKMARK [2][-]{subsection.4.7}{\376\377\000P\000e\000r\000t\000a\000n\000y\000a\000a\000n\000\040\000y\000a\000n\000g\000\040\000D\000i\000j\000a\000w\000a\000b\000\040\000o\000l\000e\000h\000\040\000P\000r\000o\000\040\000F\000o\000r\000m\000a\000\040\000F\000i\000n\000a\000n\000c\000i\000a\000l\000\040\000S\000t\000a\000t\000e\000m\000e\000n\000t\000s}{section.4}% 62
\BOOKMARK [2][-]{subsection.4.8}{\376\377\000C\000o\000n\000t\000o\000h\000\040\000P\000r\000a\000k\000t\000i\000s\000\040\000L\000a\000p\000o\000r\000a\000n\000\040\000P\000r\000o\000\040\000F\000o\000r\000m\000a}{section.4}% 63
\BOOKMARK [2][-]{subsection.4.9}{\376\377\000P\000r\000a\000k\000t\000i\000k\000\040\000T\000e\000r\000b\000a\000i\000k\000\040\000u\000n\000t\000u\000k\000\040\000P\000r\000o\000\040\000F\000o\000r\000m\000a}{section.4}% 64
\BOOKMARK [2][-]{subsection.4.10}{\376\377\000D\000e\000f\000i\000n\000i\000s\000i\000\040\000E\000n\000t\000r\000e\000p\000r\000e\000n\000e\000u\000r\000a\000l\000\040\000E\000x\000i\000t}{section.4}% 65
\BOOKMARK [2][-]{subsection.4.11}{\376\377\000J\000e\000n\000i\000s\000-\000j\000e\000n\000i\000s\000\040\000E\000x\000i\000t}{section.4}% 66
\BOOKMARK [2][-]{subsection.4.12}{\376\377\000P\000r\000o\000s\000e\000s\000\040\000I\000P\000O\000\040\000d\000i\000\040\000A\000S}{section.4}% 67
\BOOKMARK [2][-]{subsection.4.13}{\376\377\000P\000e\000n\000e\000l\000i\000t\000i\000a\000n\000\040\000t\000e\000n\000t\000a\000n\000g\000\040\000E\000x\000i\000t\000\040\000d\000a\000n\000\040\000I\000n\000o\000v\000a\000s\000i}{section.4}% 68
\BOOKMARK [2][-]{subsection.4.14}{\376\377\000K\000e\000s\000i\000m\000p\000u\000l\000a\000n\000\040\000t\000e\000r\000k\000a\000i\000t\000\040\000E\000n\000t\000r\000e\000p\000r\000e\000n\000e\000u\000r\000a\000l\000\040\000E\000x\000i\000t}{section.4}% 69
